40.0 APEX_CODE,FINEST;APEX_PROFILING,INFO;CALLOUT,INFO;DB,INFO;SYSTEM,DEBUG;VALIDATION,INFO;VISUALFORCE,INFO;WAVE,INFO;WORKFLOW,INFO
01:51:29.0 (59382)|USER_INFO|[EXTERNAL]|00528000001JBjQ|ramu.veligeti@yahoo.co.in|Pacific Standard Time|GMT-07:00
01:51:29.0 (90104)|EXECUTION_STARTED
01:51:29.0 (93314)|CODE_UNIT_STARTED|[EXTERNAL]|aura
01:51:29.0 (358812)|HEAP_ALLOCATE|[72]|Bytes:3
01:51:29.0 (389320)|HEAP_ALLOCATE|[77]|Bytes:152
01:51:29.0 (403553)|HEAP_ALLOCATE|[342]|Bytes:408
01:51:29.0 (423652)|HEAP_ALLOCATE|[355]|Bytes:408
01:51:29.0 (436347)|HEAP_ALLOCATE|[467]|Bytes:48
01:51:29.0 (459734)|HEAP_ALLOCATE|[139]|Bytes:6
01:51:29.0 (473952)|HEAP_ALLOCATE|[EXTERNAL]|Bytes:18
01:51:29.0 (505854)|HEAP_ALLOCATE|[EXTERNAL]|Bytes:4
01:51:29.0 (522404)|CODE_UNIT_FINISHED|aura
01:51:29.0 (1298430)|EXECUTION_FINISHED
01:51:29.2 (2115752)|USER_INFO|[EXTERNAL]|00528000001JBjQ|ramu.veligeti@yahoo.co.in|Pacific Standard Time|GMT-07:00
01:51:29.2 (2131631)|EXECUTION_STARTED
01:51:29.2 (2133965)|CODE_UNIT_STARTED|[EXTERNAL]|aura
01:51:29.2 (2166269)|HEAP_ALLOCATE|[EXTERNAL]|Bytes:7
01:51:29.2 (2175212)|HEAP_ALLOCATE|[EXTERNAL]|Bytes:7
01:51:29.2 (2183624)|CODE_UNIT_FINISHED|aura
01:51:29.2 (2776191)|EXECUTION_FINISHED
01:51:29.3 (3399274)|USER_INFO|[EXTERNAL]|00528000001JBjQ|ramu.veligeti@yahoo.co.in|Pacific Standard Time|GMT-07:00
01:51:29.3 (3409928)|EXECUTION_STARTED
01:51:29.3 (3411796)|CODE_UNIT_STARTED|[EXTERNAL]|01p2800000FELrp|RecentlyViewedRecords.queryCompactLayout
01:51:29.3 (3446969)|VARIABLE_SCOPE_BEGIN|[2]|RecentlyViewedRecords.FIELDSET_NAME|String|false|true
01:51:29.3 (3457212)|VARIABLE_SCOPE_BEGIN|[3]|RecentlyViewedRecords.private_apiFieldNames|Map<String,Set<String>>|true|true
01:51:29.3 (3465109)|VARIABLE_SCOPE_BEGIN|[5]|RecentlyViewedRecords.rvi|Recently_Viewed__c|true|true
01:51:29.3 (3471828)|VARIABLE_SCOPE_BEGIN|[4]|RecentlyViewedRecords.schemaMap|Map<String,Schema.SObjectType>|true|true
01:51:29.3 (3508759)|HEAP_ALLOCATE|[EXTERNAL]|Bytes:35
01:51:29.3 (3516240)|HEAP_ALLOCATE|[EXTERNAL]|Bytes:20
01:51:29.3 (3520044)|HEAP_ALLOCATE|[EXTERNAL]|Bytes:38
01:51:29.3 (3620400)|METHOD_ENTRY|[1]|01p2800000FELrp|RecentlyViewedRecords.RecentlyViewedRecords()
01:51:29.3 (3626939)|STATEMENT_EXECUTE|[1]
01:51:29.3 (3630982)|STATEMENT_EXECUTE|[1]
01:51:29.3 (3631828)|STATEMENT_EXECUTE|[2]
01:51:29.3 (3635104)|HEAP_ALLOCATE|[2]|Bytes:19
01:51:29.3 (3663051)|VARIABLE_ASSIGNMENT|[2]|RecentlyViewedRecords.FIELDSET_NAME|"RecentlyViewedHover"
01:51:29.3 (3668192)|STATEMENT_EXECUTE|[3]
01:51:29.3 (3671842)|HEAP_ALLOCATE|[3]|Bytes:4
01:51:29.3 (3695730)|VARIABLE_ASSIGNMENT|[3]|RecentlyViewedRecords.private_apiFieldNames|{}|0x28bf7534
01:51:29.3 (3702019)|STATEMENT_EXECUTE|[4]
01:51:29.3 (3733092)|HEAP_ALLOCATE|[50]|Bytes:5
01:51:29.3 (3749961)|HEAP_ALLOCATE|[56]|Bytes:5
01:51:29.3 (3757003)|HEAP_ALLOCATE|[64]|Bytes:7
01:51:29.3 (17345383)|HEAP_ALLOCATE|[4]|Bytes:1456
01:51:29.3 (17585833)|VARIABLE_ASSIGNMENT|[4]|RecentlyViewedRecords.schemaMap|"{acceptedeventrelation=AcceptedEventRelation, acchierarchy__account_hierarchy__mdt=accHierarchy__Account_Hierarchy__mdt, acchierarchy__account_hierarchy_setup__c=accHierarchy__Account_Hierarchy_Setup__c, account=Account, accountcleaninfo=AccountCleanInfo, accountcontactrole=AccountContactRole, accountfeed=AccountFeed, accounthistory=AccountHistory, accountpartner=AccountPartner, accountshare=AccountShare, ...}"|0x64163a1d
01:51:29.3 (17603724)|STATEMENT_EXECUTE|[5]
01:51:29.3 (18367314)|HEAP_ALLOCATE|[5]|Bytes:20
01:51:29.3 (18406549)|VARIABLE_ASSIGNMENT|[5]|RecentlyViewedRecords.rvi|{"IsDeleted":false,"Name":"a0d28000002ZKNz","SetupOwnerId":"00528000001JBjQAAW","Records_to_Display__ (1 more) ...":"20"}|0x4b4ac03
01:51:29.3 (18414242)|STATEMENT_EXECUTE|[147]
01:51:29.3 (18415651)|STATEMENT_EXECUTE|[167]
01:51:29.3 (18422931)|METHOD_EXIT|[1]|RecentlyViewedRecords
01:51:29.3 (18431053)|HEAP_ALLOCATE|[EXTERNAL]|Bytes:4
01:51:29.3 (18434884)|HEAP_ALLOCATE|[EXTERNAL]|Bytes:7
01:51:29.3 (18440045)|SYSTEM_MODE_ENTER|false
01:51:29.3 (18448443)|VARIABLE_SCOPE_BEGIN|[33]|rvId|Id|false|false
01:51:29.3 (18506113)|VARIABLE_ASSIGNMENT|[33]|rvId|"0012800001ObKpcAAF"
01:51:29.3 (18513661)|VARIABLE_SCOPE_BEGIN|[33]|objName|String|false|false
01:51:29.3 (18522398)|VARIABLE_ASSIGNMENT|[33]|objName|"Account"
01:51:29.3 (18531023)|STATEMENT_EXECUTE|[33]
01:51:29.3 (18532256)|STATEMENT_EXECUTE|[34]
01:51:29.3 (18539619)|HEAP_ALLOCATE|[34]|Bytes:4
01:51:29.3 (18552725)|VARIABLE_SCOPE_BEGIN|[34]|objMap|Map<String,String>|true|false
01:51:29.3 (18568085)|VARIABLE_ASSIGNMENT|[34]|objMap|{}|0x57717f74
01:51:29.3 (18573543)|STATEMENT_EXECUTE|[35]
01:51:29.3 (18691605)|HEAP_ALLOCATE|[35]|Bytes:4
01:51:29.3 (18753640)|VARIABLE_SCOPE_BEGIN|[35]|owList|List<RecentlyViewedRecords.objectWrapper>|true|false
01:51:29.3 (18777298)|HEAP_ALLOCATE|[EXTERNAL]|Bytes:4
01:51:29.3 (18787155)|VARIABLE_ASSIGNMENT|[35]|owList|[]|0x2626155
01:51:29.3 (18798459)|STATEMENT_EXECUTE|[36]
01:51:29.3 (25046788)|HEAP_ALLOCATE|[36]|Bytes:1628
01:51:29.3 (25078202)|VARIABLE_SCOPE_BEGIN|[36]|globalDescribeMap|Map<String,Schema.SObjectType>|true|false
01:51:29.3 (25290707)|VARIABLE_ASSIGNMENT|[36]|globalDescribeMap|"{acceptedeventrelation=AcceptedEventRelation, acchierarchy__account_hierarchy__mdt=accHierarchy__Account_Hierarchy__mdt, acchierarchy__account_hierarchy_setup__c=accHierarchy__Account_Hierarchy_Setup__c, account=Account, accountcleaninfo=AccountCleanInfo, accountcontactrole=AccountContactRole, accountfeed=AccountFeed, accounthistory=AccountHistory, accountpartner=AccountPartner, accountshare=AccountShare, ...}"|0x6dfd2b45
01:51:29.3 (25305747)|STATEMENT_EXECUTE|[37]
01:51:29.3 (25374536)|VARIABLE_SCOPE_BEGIN|[37]|SObjectTypeObj|Schema.SObjectType|true|false
01:51:29.3 (25429421)|VARIABLE_ASSIGNMENT|[37]|SObjectTypeObj|"common.apex.runtime.impl.ApexSObjectTypeToken@4c08464d"|0x4c08464d
01:51:29.3 (25437032)|STATEMENT_EXECUTE|[38]
01:51:29.3 (25673046)|HEAP_ALLOCATE|[38]|Bytes:4
01:51:29.3 (25697890)|VARIABLE_SCOPE_BEGIN|[38]|describeSObjectResultObj|Schema.DescribeSObjectResult|true|false
01:51:29.3 (25761129)|VARIABLE_ASSIGNMENT|[38]|describeSObjectResultObj|"common.api.soap.wsdl.DescribeSObjectResult@e81ed298"|0x5840d82
01:51:29.3 (25768973)|STATEMENT_EXECUTE|[39]
01:51:29.3 (25772989)|HEAP_ALLOCATE|[39]|Bytes:15
01:51:29.3 (25781671)|HEAP_ALLOCATE|[39]|Bytes:2
01:51:29.3 (25902986)|HEAP_ALLOCATE|[39]|Bytes:369
01:51:29.3 (25922527)|HEAP_ALLOCATE|[39]|Bytes:405
01:51:29.3 (25941022)|USER_DEBUG|[39]|DEBUG|FIELDSET_NAME==RecentlyViewedHover==Schema.DescribeSObjectResult[getHasSubtypes=false;getKeyPrefix=001;getLabel=Account;getLabelPlural=Accounts;getName=Account;isAccessible=true;isCreateable=true;isCustom=false;isCustomSetting=false;isDeletable=true;isDeprecatedAndHidden=false;isFeedEnabled=true;isMergeable=true;isMruEnabled=true;isQueryable=true;isSearchable=true;isUndeletable=true;isUpdateable=true;]
01:51:29.3 (25955181)|STATEMENT_EXECUTE|[40]
01:51:29.3 (27298042)|HEAP_ALLOCATE|[40]|Bytes:8
01:51:29.3 (27393243)|VARIABLE_SCOPE_BEGIN|[40]|fieldSetObj|Schema.FieldSet|true|false
01:51:29.3 (27454174)|VARIABLE_ASSIGNMENT|[40]|fieldSetObj|"common.api.soap.wsdl.FieldSet@6b5db762"|0x57896bd0
01:51:29.3 (27462307)|STATEMENT_EXECUTE|[41]
01:51:29.3 (27465711)|HEAP_ALLOCATE|[41]|Bytes:13
01:51:29.3 (30057896)|HEAP_ALLOCATE|[EXTERNAL]|Bytes:24
01:51:29.3 (30702566)|HEAP_ALLOCATE|[41]|Bytes:777
01:51:29.3 (30747203)|HEAP_ALLOCATE|[41]|Bytes:790
01:51:29.3 (30766044)|USER_DEBUG|[41]|DEBUG|fieldSetObj==Schema.FieldSet[getDescription=test;getFields=(Schema.FieldSetMember[getDbRequired=true;getFieldPath=Name;getLabel=Account Name;getRequired=false;getType=STRING;], Schema.FieldSetMember[getDbRequired=false;getFieldPath=AccountNumber;getLabel=Account Number;getRequired=false;getType=STRING;], Schema.FieldSetMember[getDbRequired=false;getFieldPath=Active__c;getLabel=Active;getRequired=false;getType=PICKLIST;], Schema.FieldSetMember[getDbRequired=false;getFieldPath=CustomerPriority__c;getLabel=Customer Priority;getRequired=false;getType=PICKLIST;], Schema.FieldSetMember[getDbRequired=true;getFieldPath=CreatedDate;getLabel=Created Date;getRequired=false;getType=DATETIME;]);getLabel=RecentlyViewedHover;getName=RecentlyViewedHover;getNameSpace=null;getSObjectType=Account;]
01:51:29.3 (30786667)|STATEMENT_EXECUTE|[42]
01:51:29.3 (30795589)|HEAP_ALLOCATE|[42]|Bytes:4
01:51:29.3 (30825620)|VARIABLE_SCOPE_BEGIN|[42]|fieldApis|List<String>|true|false
01:51:29.3 (30855261)|HEAP_ALLOCATE|[EXTERNAL]|Bytes:4
01:51:29.3 (30869244)|VARIABLE_ASSIGNMENT|[42]|fieldApis|[]|0x6b11ee7a
01:51:29.3 (30874987)|STATEMENT_EXECUTE|[43]
01:51:29.3 (30883310)|HEAP_ALLOCATE|[43]|Bytes:4
01:51:29.3 (30906514)|VARIABLE_SCOPE_BEGIN|[43]|refFieldToIgnore|Set<String>|true|false
01:51:29.3 (30930674)|VARIABLE_ASSIGNMENT|[43]|refFieldToIgnore|[]|0x60975f85
01:51:29.3 (30936586)|STATEMENT_EXECUTE|[44]
01:51:29.3 (30942788)|HEAP_ALLOCATE|[44]|Bytes:4
01:51:29.3 (30950120)|VARIABLE_SCOPE_BEGIN|[44]|refMap|Map<String,String>|true|false
01:51:29.3 (30964727)|VARIABLE_ASSIGNMENT|[44]|refMap|{}|0x492c1da5
01:51:29.3 (30969858)|STATEMENT_EXECUTE|[45]
01:51:29.3 (30972356)|VARIABLE_SCOPE_BEGIN|[45]|query|String|false|false
01:51:29.3 (30980265)|VARIABLE_ASSIGNMENT|[45]|query|null
01:51:29.3 (30984095)|STATEMENT_EXECUTE|[46]
01:51:29.3 (31034388)|HEAP_ALLOCATE|[47]|Bytes:24
01:51:29.3 (31212465)|HEAP_ALLOCATE|[47]|Bytes:5
01:51:29.3 (31263365)|HEAP_ALLOCATE|[47]|Bytes:24
01:51:29.3 (31285796)|VARIABLE_SCOPE_BEGIN|[47]|fieldSetMemberObj|Schema.FieldSetMember|true|false
01:51:29.3 (31355970)|VARIABLE_ASSIGNMENT|[47]|fieldSetMemberObj|"Name"|0x7d8bef20
01:51:29.3 (31366827)|STATEMENT_EXECUTE|[47]
01:51:29.3 (31367989)|STATEMENT_EXECUTE|[48]
01:51:29.3 (31378454)|HEAP_ALLOCATE|[48]|Bytes:4
01:51:29.3 (31415262)|HEAP_ALLOCATE|[48]|Bytes:4
01:51:29.3 (31425838)|VARIABLE_SCOPE_BEGIN|[48]|apiName|String|false|false
01:51:29.3 (31436456)|VARIABLE_ASSIGNMENT|[48]|apiName|"name"
01:51:29.3 (31441535)|STATEMENT_EXECUTE|[49]
01:51:29.3 (31453644)|METHOD_ENTRY|[49]|01p2800000FELrp|RecentlyViewedRecords.findFieldInfo(String, String)
01:51:29.3 (31474345)|VARIABLE_SCOPE_BEGIN|[136]|objName|String|false|false
01:51:29.3 (31483269)|VARIABLE_ASSIGNMENT|[136]|objName|"Account"
01:51:29.3 (31487164)|VARIABLE_SCOPE_BEGIN|[136]|fieldApi|String|false|false
01:51:29.3 (31493170)|VARIABLE_ASSIGNMENT|[136]|fieldApi|"name"
01:51:29.3 (31498020)|STATEMENT_EXECUTE|[136]
01:51:29.3 (31499368)|STATEMENT_EXECUTE|[137]
01:51:29.3 (31535822)|VARIABLE_SCOPE_BEGIN|[137]|leadSchema|Schema.SObjectType|true|false
01:51:29.3 (31590161)|VARIABLE_ASSIGNMENT|[137]|leadSchema|"common.apex.runtime.impl.ApexSObjectTypeToken@4c08464d"|0x4c08464d
01:51:29.3 (31597570)|STATEMENT_EXECUTE|[138]
01:51:29.3 (31632022)|HEAP_ALLOCATE|[138]|Bytes:4
01:51:29.3 (32203709)|HEAP_ALLOCATE|[138]|Bytes:296
01:51:29.3 (32220189)|METHOD_EXIT|[49]|01p2800000FELrp|RecentlyViewedRecords.findFieldInfo(String, String)
01:51:29.3 (32228654)|VARIABLE_SCOPE_BEGIN|[49]|fieldMap1|Map<String,Schema.SObjectField>|true|false
01:51:29.3 (32393700)|VARIABLE_ASSIGNMENT|[49]|fieldMap1|"{acchierarchy__haschildwithchanges__c=accHierarchy__hasChildWithChanges__c, acchierarchy__hierarchy_parents__c=accHierarchy__Hierarchy_Parents__c, acchierarchy__on_previous_hierarchy_level__c=accHierarchy__On_Previous_Hierarchy_Level__c, acchierarchy__topparentid__c=accHierarchy__TopParentId__c, accountnumber=AccountNumber, accountsource=AccountSource, active__c=Active__c, annualrevenue=AnnualRevenue, billingaddress=BillingAddress, billingcity=BillingCity, ...}"|0x7fb2726d
01:51:29.3 (32413124)|STATEMENT_EXECUTE|[50]
01:51:29.3 (32695716)|HEAP_ALLOCATE|[50]|Bytes:8
01:51:29.3 (32976382)|HEAP_ALLOCATE|[50]|Bytes:12
01:51:29.3 (33002308)|HEAP_ALLOCATE|[50]|Bytes:6
01:51:29.3 (33012902)|VARIABLE_SCOPE_BEGIN|[50]|fType|String|false|false
01:51:29.3 (33024965)|VARIABLE_ASSIGNMENT|[50]|fType|"STRING"
01:51:29.3 (33030902)|HEAP_ALLOCATE|[51]|Bytes:9
01:51:29.3 (33065711)|STATEMENT_EXECUTE|[51]
01:51:29.3 (33067576)|STATEMENT_EXECUTE|[62]
01:51:29.3 (33090314)|HEAP_ALLOCATE|[EXTERNAL]|Bytes:4
01:51:29.3 (33104366)|HEAP_ALLOCATE|[47]|Bytes:5
01:51:29.3 (33119068)|HEAP_ALLOCATE|[47]|Bytes:24
01:51:29.3 (33137105)|VARIABLE_SCOPE_BEGIN|[47]|fieldSetMemberObj|Schema.FieldSetMember|true|false
01:51:29.3 (33192889)|VARIABLE_ASSIGNMENT|[47]|fieldSetMemberObj|"AccountNumber"|0x13d767d0
01:51:29.3 (33200457)|STATEMENT_EXECUTE|[47]
01:51:29.3 (33201611)|STATEMENT_EXECUTE|[48]
01:51:29.3 (33206894)|HEAP_ALLOCATE|[48]|Bytes:13
01:51:29.3 (33222018)|HEAP_ALLOCATE|[48]|Bytes:13
01:51:29.3 (33230606)|VARIABLE_SCOPE_BEGIN|[48]|apiName|String|false|false
01:51:29.3 (33240063)|VARIABLE_ASSIGNMENT|[48]|apiName|"accountnumber"
01:51:29.3 (33244393)|STATEMENT_EXECUTE|[49]
01:51:29.3 (33249897)|METHOD_ENTRY|[49]|01p2800000FELrp|RecentlyViewedRecords.findFieldInfo(String, String)
01:51:29.3 (33256929)|VARIABLE_SCOPE_BEGIN|[136]|objName|String|false|false
01:51:29.3 (33264292)|VARIABLE_ASSIGNMENT|[136]|objName|"Account"
01:51:29.3 (33268263)|VARIABLE_SCOPE_BEGIN|[136]|fieldApi|String|false|false
01:51:29.3 (33274279)|VARIABLE_ASSIGNMENT|[136]|fieldApi|"accountnumber"
01:51:29.3 (33278311)|STATEMENT_EXECUTE|[136]
01:51:29.3 (33279404)|STATEMENT_EXECUTE|[137]
01:51:29.3 (33292638)|VARIABLE_SCOPE_BEGIN|[137]|leadSchema|Schema.SObjectType|true|false
01:51:29.3 (33340945)|VARIABLE_ASSIGNMENT|[137]|leadSchema|"common.apex.runtime.impl.ApexSObjectTypeToken@4c08464d"|0x4c08464d
01:51:29.3 (33347992)|STATEMENT_EXECUTE|[138]
01:51:29.3 (33363800)|HEAP_ALLOCATE|[138]|Bytes:4
01:51:29.3 (33575813)|HEAP_ALLOCATE|[138]|Bytes:296
01:51:29.3 (33587255)|METHOD_EXIT|[49]|01p2800000FELrp|RecentlyViewedRecords.findFieldInfo(String, String)
01:51:29.3 (33593848)|VARIABLE_SCOPE_BEGIN|[49]|fieldMap1|Map<String,Schema.SObjectField>|true|false
01:51:29.3 (33727460)|VARIABLE_ASSIGNMENT|[49]|fieldMap1|"{acchierarchy__haschildwithchanges__c=accHierarchy__hasChildWithChanges__c, acchierarchy__hierarchy_parents__c=accHierarchy__Hierarchy_Parents__c, acchierarchy__on_previous_hierarchy_level__c=accHierarchy__On_Previous_Hierarchy_Level__c, acchierarchy__topparentid__c=accHierarchy__TopParentId__c, accountnumber=AccountNumber, accountsource=AccountSource, active__c=Active__c, annualrevenue=AnnualRevenue, billingaddress=BillingAddress, billingcity=BillingCity, ...}"|0x7f9a4edd
01:51:29.3 (33742744)|STATEMENT_EXECUTE|[50]
01:51:29.3 (34758890)|HEAP_ALLOCATE|[50]|Bytes:8
01:51:29.3 (34800803)|HEAP_ALLOCATE|[50]|Bytes:12
01:51:29.3 (34824452)|HEAP_ALLOCATE|[50]|Bytes:6
01:51:29.3 (34834975)|VARIABLE_SCOPE_BEGIN|[50]|fType|String|false|false
01:51:29.3 (34852680)|VARIABLE_ASSIGNMENT|[50]|fType|"STRING"
01:51:29.3 (34871680)|STATEMENT_EXECUTE|[51]
01:51:29.3 (34873349)|STATEMENT_EXECUTE|[62]
01:51:29.3 (34880830)|HEAP_ALLOCATE|[EXTERNAL]|Bytes:4
01:51:29.3 (34900366)|HEAP_ALLOCATE|[47]|Bytes:5
01:51:29.3 (34911976)|HEAP_ALLOCATE|[47]|Bytes:24
01:51:29.3 (34929196)|VARIABLE_SCOPE_BEGIN|[47]|fieldSetMemberObj|Schema.FieldSetMember|true|false
01:51:29.3 (34989325)|VARIABLE_ASSIGNMENT|[47]|fieldSetMemberObj|"Active__c"|0x486d6ea1
01:51:29.3 (34997610)|STATEMENT_EXECUTE|[47]
01:51:29.3 (34998722)|STATEMENT_EXECUTE|[48]
01:51:29.3 (35003569)|HEAP_ALLOCATE|[48]|Bytes:9
01:51:29.3 (35019450)|HEAP_ALLOCATE|[48]|Bytes:9
01:51:29.3 (35032269)|VARIABLE_SCOPE_BEGIN|[48]|apiName|String|false|false
01:51:29.3 (35042313)|VARIABLE_ASSIGNMENT|[48]|apiName|"active__c"
01:51:29.3 (35047943)|STATEMENT_EXECUTE|[49]
01:51:29.3 (35053954)|METHOD_ENTRY|[49]|01p2800000FELrp|RecentlyViewedRecords.findFieldInfo(String, String)
01:51:29.3 (35060297)|VARIABLE_SCOPE_BEGIN|[136]|objName|String|false|false
01:51:29.3 (35068051)|VARIABLE_ASSIGNMENT|[136]|objName|"Account"
01:51:29.3 (35072291)|VARIABLE_SCOPE_BEGIN|[136]|fieldApi|String|false|false
01:51:29.3 (35078088)|VARIABLE_ASSIGNMENT|[136]|fieldApi|"active__c"
01:51:29.3 (35082406)|STATEMENT_EXECUTE|[136]
01:51:29.3 (35083477)|STATEMENT_EXECUTE|[137]
01:51:29.3 (35096598)|VARIABLE_SCOPE_BEGIN|[137]|leadSchema|Schema.SObjectType|true|false
01:51:29.3 (35153414)|VARIABLE_ASSIGNMENT|[137]|leadSchema|"common.apex.runtime.impl.ApexSObjectTypeToken@4c08464d"|0x4c08464d
01:51:29.3 (35160576)|STATEMENT_EXECUTE|[138]
01:51:29.3 (35176447)|HEAP_ALLOCATE|[138]|Bytes:4
01:51:29.3 (35384219)|HEAP_ALLOCATE|[138]|Bytes:296
01:51:29.3 (35396063)|METHOD_EXIT|[49]|01p2800000FELrp|RecentlyViewedRecords.findFieldInfo(String, String)
01:51:29.3 (35403503)|VARIABLE_SCOPE_BEGIN|[49]|fieldMap1|Map<String,Schema.SObjectField>|true|false
01:51:29.3 (35534500)|VARIABLE_ASSIGNMENT|[49]|fieldMap1|"{acchierarchy__haschildwithchanges__c=accHierarchy__hasChildWithChanges__c, acchierarchy__hierarchy_parents__c=accHierarchy__Hierarchy_Parents__c, acchierarchy__on_previous_hierarchy_level__c=accHierarchy__On_Previous_Hierarchy_Level__c, acchierarchy__topparentid__c=accHierarchy__TopParentId__c, accountnumber=AccountNumber, accountsource=AccountSource, active__c=Active__c, annualrevenue=AnnualRevenue, billingaddress=BillingAddress, billingcity=BillingCity, ...}"|0x65ac3dd7
01:51:29.3 (35548188)|STATEMENT_EXECUTE|[50]
01:51:29.3 (35675385)|HEAP_ALLOCATE|[50]|Bytes:8
01:51:29.3 (35703660)|HEAP_ALLOCATE|[50]|Bytes:12
01:51:29.3 (35725594)|HEAP_ALLOCATE|[50]|Bytes:8
01:51:29.3 (35739800)|VARIABLE_SCOPE_BEGIN|[50]|fType|String|false|false
01:51:29.3 (35751605)|VARIABLE_ASSIGNMENT|[50]|fType|"PICKLIST"
01:51:29.3 (35768035)|STATEMENT_EXECUTE|[51]
01:51:29.3 (35769557)|STATEMENT_EXECUTE|[62]
01:51:29.3 (35775223)|HEAP_ALLOCATE|[EXTERNAL]|Bytes:4
01:51:29.3 (35787944)|HEAP_ALLOCATE|[47]|Bytes:5
01:51:29.3 (35798169)|HEAP_ALLOCATE|[47]|Bytes:24
01:51:29.3 (35814241)|VARIABLE_SCOPE_BEGIN|[47]|fieldSetMemberObj|Schema.FieldSetMember|true|false
01:51:29.3 (35872507)|VARIABLE_ASSIGNMENT|[47]|fieldSetMemberObj|"CustomerPriority__c"|0x6099b499
01:51:29.3 (35880692)|STATEMENT_EXECUTE|[47]
01:51:29.3 (35881865)|STATEMENT_EXECUTE|[48]
01:51:29.3 (35886838)|HEAP_ALLOCATE|[48]|Bytes:19
01:51:29.3 (35903449)|HEAP_ALLOCATE|[48]|Bytes:19
01:51:29.3 (35911539)|VARIABLE_SCOPE_BEGIN|[48]|apiName|String|false|false
01:51:29.3 (35924310)|VARIABLE_ASSIGNMENT|[48]|apiName|"customerpriority__c"
01:51:29.3 (35928406)|STATEMENT_EXECUTE|[49]
01:51:29.3 (35934144)|METHOD_ENTRY|[49]|01p2800000FELrp|RecentlyViewedRecords.findFieldInfo(String, String)
01:51:29.3 (35940761)|VARIABLE_SCOPE_BEGIN|[136]|objName|String|false|false
01:51:29.3 (35947737)|VARIABLE_ASSIGNMENT|[136]|objName|"Account"
01:51:29.3 (35951301)|VARIABLE_SCOPE_BEGIN|[136]|fieldApi|String|false|false
01:51:29.3 (35960865)|VARIABLE_ASSIGNMENT|[136]|fieldApi|"customerpriority__c"
01:51:29.3 (35968185)|STATEMENT_EXECUTE|[136]
01:51:29.3 (35969782)|STATEMENT_EXECUTE|[137]
01:51:29.3 (35987307)|VARIABLE_SCOPE_BEGIN|[137]|leadSchema|Schema.SObjectType|true|false
01:51:29.3 (36086060)|VARIABLE_ASSIGNMENT|[137]|leadSchema|"common.apex.runtime.impl.ApexSObjectTypeToken@4c08464d"|0x4c08464d
01:51:29.3 (36098707)|STATEMENT_EXECUTE|[138]
01:51:29.3 (36124098)|HEAP_ALLOCATE|[138]|Bytes:4
01:51:29.3 (36328457)|HEAP_ALLOCATE|[138]|Bytes:296
01:51:29.3 (36340713)|METHOD_EXIT|[49]|01p2800000FELrp|RecentlyViewedRecords.findFieldInfo(String, String)
01:51:29.3 (36347356)|VARIABLE_SCOPE_BEGIN|[49]|fieldMap1|Map<String,Schema.SObjectField>|true|false
01:51:29.3 (36477715)|VARIABLE_ASSIGNMENT|[49]|fieldMap1|"{acchierarchy__haschildwithchanges__c=accHierarchy__hasChildWithChanges__c, acchierarchy__hierarchy_parents__c=accHierarchy__Hierarchy_Parents__c, acchierarchy__on_previous_hierarchy_level__c=accHierarchy__On_Previous_Hierarchy_Level__c, acchierarchy__topparentid__c=accHierarchy__TopParentId__c, accountnumber=AccountNumber, accountsource=AccountSource, active__c=Active__c, annualrevenue=AnnualRevenue, billingaddress=BillingAddress, billingcity=BillingCity, ...}"|0x645f7fd8
01:51:29.3 (36491227)|STATEMENT_EXECUTE|[50]
01:51:29.3 (36607654)|HEAP_ALLOCATE|[50]|Bytes:8
01:51:29.3 (36639299)|HEAP_ALLOCATE|[50]|Bytes:12
01:51:29.3 (36660156)|HEAP_ALLOCATE|[50]|Bytes:8
01:51:29.3 (36670104)|VARIABLE_SCOPE_BEGIN|[50]|fType|String|false|false
01:51:29.3 (36681628)|VARIABLE_ASSIGNMENT|[50]|fType|"PICKLIST"
01:51:29.3 (36696720)|STATEMENT_EXECUTE|[51]
01:51:29.3 (36698141)|STATEMENT_EXECUTE|[62]
01:51:29.3 (36703810)|HEAP_ALLOCATE|[EXTERNAL]|Bytes:4
01:51:29.3 (36717562)|HEAP_ALLOCATE|[47]|Bytes:5
01:51:29.3 (36728429)|HEAP_ALLOCATE|[47]|Bytes:24
01:51:29.3 (36748053)|VARIABLE_SCOPE_BEGIN|[47]|fieldSetMemberObj|Schema.FieldSetMember|true|false
01:51:29.3 (36802134)|VARIABLE_ASSIGNMENT|[47]|fieldSetMemberObj|"CreatedDate"|0x13f92014
01:51:29.3 (36809784)|STATEMENT_EXECUTE|[47]
01:51:29.3 (36811037)|STATEMENT_EXECUTE|[48]
01:51:29.3 (36816228)|HEAP_ALLOCATE|[48]|Bytes:11
01:51:29.3 (36836714)|HEAP_ALLOCATE|[48]|Bytes:11
01:51:29.3 (36845433)|VARIABLE_SCOPE_BEGIN|[48]|apiName|String|false|false
01:51:29.3 (36854638)|VARIABLE_ASSIGNMENT|[48]|apiName|"createddate"
01:51:29.3 (36859411)|STATEMENT_EXECUTE|[49]
01:51:29.3 (36865059)|METHOD_ENTRY|[49]|01p2800000FELrp|RecentlyViewedRecords.findFieldInfo(String, String)
01:51:29.3 (36871437)|VARIABLE_SCOPE_BEGIN|[136]|objName|String|false|false
01:51:29.3 (36878542)|VARIABLE_ASSIGNMENT|[136]|objName|"Account"
01:51:29.3 (36882225)|VARIABLE_SCOPE_BEGIN|[136]|fieldApi|String|false|false
01:51:29.3 (36888734)|VARIABLE_ASSIGNMENT|[136]|fieldApi|"createddate"
01:51:29.3 (36893049)|STATEMENT_EXECUTE|[136]
01:51:29.3 (36894098)|STATEMENT_EXECUTE|[137]
01:51:29.3 (36909809)|VARIABLE_SCOPE_BEGIN|[137]|leadSchema|Schema.SObjectType|true|false
01:51:29.3 (36961409)|VARIABLE_ASSIGNMENT|[137]|leadSchema|"common.apex.runtime.impl.ApexSObjectTypeToken@4c08464d"|0x4c08464d
01:51:29.3 (36967797)|STATEMENT_EXECUTE|[138]
01:51:29.3 (36982910)|HEAP_ALLOCATE|[138]|Bytes:4
01:51:29.3 (37200538)|HEAP_ALLOCATE|[138]|Bytes:296
01:51:29.3 (37215283)|METHOD_EXIT|[49]|01p2800000FELrp|RecentlyViewedRecords.findFieldInfo(String, String)
01:51:29.3 (37225874)|VARIABLE_SCOPE_BEGIN|[49]|fieldMap1|Map<String,Schema.SObjectField>|true|false
01:51:29.3 (37361945)|VARIABLE_ASSIGNMENT|[49]|fieldMap1|"{acchierarchy__haschildwithchanges__c=accHierarchy__hasChildWithChanges__c, acchierarchy__hierarchy_parents__c=accHierarchy__Hierarchy_Parents__c, acchierarchy__on_previous_hierarchy_level__c=accHierarchy__On_Previous_Hierarchy_Level__c, acchierarchy__topparentid__c=accHierarchy__TopParentId__c, accountnumber=AccountNumber, accountsource=AccountSource, active__c=Active__c, annualrevenue=AnnualRevenue, billingaddress=BillingAddress, billingcity=BillingCity, ...}"|0xc472c0c
01:51:29.3 (37376061)|STATEMENT_EXECUTE|[50]
01:51:29.3 (37496041)|HEAP_ALLOCATE|[50]|Bytes:8
01:51:29.3 (37524681)|HEAP_ALLOCATE|[50]|Bytes:12
01:51:29.3 (37545682)|HEAP_ALLOCATE|[50]|Bytes:8
01:51:29.3 (37555609)|VARIABLE_SCOPE_BEGIN|[50]|fType|String|false|false
01:51:29.3 (37567034)|VARIABLE_ASSIGNMENT|[50]|fType|"DATETIME"
01:51:29.3 (37584779)|STATEMENT_EXECUTE|[51]
01:51:29.3 (37586307)|STATEMENT_EXECUTE|[62]
01:51:29.3 (37591913)|HEAP_ALLOCATE|[EXTERNAL]|Bytes:4
01:51:29.3 (37609550)|HEAP_ALLOCATE|[47]|Bytes:5
01:51:29.3 (37620415)|VARIABLE_ASSIGNMENT|[47]|fieldSetMemberObj|null|
01:51:29.3 (37625621)|STATEMENT_EXECUTE|[65]
01:51:29.3 (37628164)|HEAP_ALLOCATE|[65]|Bytes:11
01:51:29.3 (37632411)|HEAP_ALLOCATE|[65]|Bytes:1
01:51:29.3 (37681653)|HEAP_ALLOCATE|[65]|Bytes:5
01:51:29.3 (37687831)|HEAP_ALLOCATE|[65]|Bytes:4
01:51:29.3 (37691891)|HEAP_ALLOCATE|[65]|Bytes:5
01:51:29.3 (37700442)|HEAP_ALLOCATE|[65]|Bytes:13
01:51:29.3 (37704551)|HEAP_ALLOCATE|[65]|Bytes:5
01:51:29.3 (37707817)|HEAP_ALLOCATE|[65]|Bytes:9
01:51:29.3 (37711007)|HEAP_ALLOCATE|[65]|Bytes:5
01:51:29.3 (37714127)|HEAP_ALLOCATE|[65]|Bytes:19
01:51:29.3 (37717617)|HEAP_ALLOCATE|[65]|Bytes:5
01:51:29.3 (37720757)|HEAP_ALLOCATE|[65]|Bytes:11
01:51:29.3 (37723857)|HEAP_ALLOCATE|[65]|Bytes:5
01:51:29.3 (37727597)|HEAP_ALLOCATE|[65]|Bytes:60
01:51:29.3 (37736512)|HEAP_ALLOCATE|[65]|Bytes:6
01:51:29.3 (37740329)|HEAP_ALLOCATE|[65]|Bytes:13
01:51:29.3 (37751125)|HEAP_ALLOCATE|[65]|Bytes:18
01:51:29.3 (37768807)|HEAP_ALLOCATE|[65]|Bytes:115
01:51:29.3 (37774646)|HEAP_ALLOCATE|[65]|Bytes:1
01:51:29.3 (37781264)|HEAP_ALLOCATE|[65]|Bytes:116
01:51:29.3 (37791079)|VARIABLE_ASSIGNMENT|[65]|query|"Select Id, name,acco (96 more) ..."
01:51:29.3 (37796145)|STATEMENT_EXECUTE|[85]
01:51:29.3 (37798252)|HEAP_ALLOCATE|[85]|Bytes:7
01:51:29.3 (37806244)|HEAP_ALLOCATE|[85]|Bytes:123
01:51:29.3 (37831405)|USER_DEBUG|[85]|DEBUG|query==Select Id, name,accountnumber,active__c,customerpriority__c,createddate from Account where Id = '0012800001ObKpcAAF'
01:51:29.3 (37839995)|STATEMENT_EXECUTE|[86]
01:51:29.3 (38068051)|SOQL_EXECUTE_BEGIN|[86]|Aggregations:0|Select Id, name,accountnumber,active__c,customerpriority__c,createddate from Account where Id = '0012800001ObKpcAAF'
01:51:29.3 (40907032)|SOQL_EXECUTE_END|[86]|Rows:1
01:51:29.3 (40926810)|HEAP_ALLOCATE|[86]|Bytes:8
01:51:29.3 (40948437)|HEAP_ALLOCATE|[86]|Bytes:63
01:51:29.3 (41008323)|HEAP_ALLOCATE|[86]|Bytes:8
01:51:29.3 (41027570)|HEAP_ALLOCATE|[86]|Bytes:33
01:51:29.3 (41089234)|HEAP_ALLOCATE|[86]|Bytes:16
01:51:29.3 (41099845)|VARIABLE_SCOPE_BEGIN|[86]|so|SObject|true|false
01:51:29.3 (41139197)|VARIABLE_ASSIGNMENT|[86]|so|{"Id":"0012800001ObKpcAAF","Name":"event 1","CreatedDate":"2017-07-04T08:56:59.000Z"}|0x646b193e
01:51:29.3 (41146305)|STATEMENT_EXECUTE|[87]
01:51:29.3 (41149246)|HEAP_ALLOCATE|[87]|Bytes:4
01:51:29.3 (41220641)|HEAP_ALLOCATE|[87]|Bytes:78
01:51:29.3 (41235878)|HEAP_ALLOCATE|[87]|Bytes:82
01:51:29.3 (41247492)|USER_DEBUG|[87]|DEBUG|so==Account:{Id=0012800001ObKpcAAF, Name=event 1, CreatedDate=2017-07-04 08:56:59}
01:51:29.3 (41290438)|HEAP_ALLOCATE|[88]|Bytes:5
01:51:29.3 (41305030)|HEAP_ALLOCATE|[88]|Bytes:4
01:51:29.3 (41312544)|VARIABLE_SCOPE_BEGIN|[88]|st|String|false|false
01:51:29.3 (41322201)|VARIABLE_ASSIGNMENT|[88]|st|"name"
01:51:29.3 (41326392)|STATEMENT_EXECUTE|[88]
01:51:29.3 (41354058)|STATEMENT_EXECUTE|[89]
01:51:29.3 (41355346)|STATEMENT_EXECUTE|[90]
01:51:29.3 (41362725)|METHOD_ENTRY|[90]|01p2800000FELrp|RecentlyViewedRecords.findFieldInfo(String, String)
01:51:29.3 (41380632)|VARIABLE_SCOPE_BEGIN|[136]|objName|String|false|false
01:51:29.3 (41389608)|VARIABLE_ASSIGNMENT|[136]|objName|"Account"
01:51:29.3 (41393617)|VARIABLE_SCOPE_BEGIN|[136]|fieldApi|String|false|false
01:51:29.3 (41399911)|VARIABLE_ASSIGNMENT|[136]|fieldApi|"name"
01:51:29.3 (41404520)|STATEMENT_EXECUTE|[136]
01:51:29.3 (41405557)|STATEMENT_EXECUTE|[137]
01:51:29.3 (41420429)|VARIABLE_SCOPE_BEGIN|[137]|leadSchema|Schema.SObjectType|true|false
01:51:29.3 (41478783)|VARIABLE_ASSIGNMENT|[137]|leadSchema|"common.apex.runtime.impl.ApexSObjectTypeToken@4c08464d"|0x4c08464d
01:51:29.3 (41485910)|STATEMENT_EXECUTE|[138]
01:51:29.3 (41502932)|HEAP_ALLOCATE|[138]|Bytes:4
01:51:29.3 (41736806)|HEAP_ALLOCATE|[138]|Bytes:296
01:51:29.3 (41749089)|METHOD_EXIT|[90]|01p2800000FELrp|RecentlyViewedRecords.findFieldInfo(String, String)
01:51:29.3 (41755924)|VARIABLE_SCOPE_BEGIN|[90]|fieldMap|Map<String,Schema.SObjectField>|true|false
01:51:29.3 (41895142)|VARIABLE_ASSIGNMENT|[90]|fieldMap|"{acchierarchy__haschildwithchanges__c=accHierarchy__hasChildWithChanges__c, acchierarchy__hierarchy_parents__c=accHierarchy__Hierarchy_Parents__c, acchierarchy__on_previous_hierarchy_level__c=accHierarchy__On_Previous_Hierarchy_Level__c, acchierarchy__topparentid__c=accHierarchy__TopParentId__c, accountnumber=AccountNumber, accountsource=AccountSource, active__c=Active__c, annualrevenue=AnnualRevenue, billingaddress=BillingAddress, billingcity=BillingCity, ...}"|0x58fab040
01:51:29.3 (41909202)|STATEMENT_EXECUTE|[91]
01:51:29.3 (41926900)|HEAP_ALLOCATE|[91]|Bytes:180
01:51:29.3 (41933761)|HEAP_ALLOCATE|[91]|Bytes:23
01:51:29.3 (41941312)|HEAP_ALLOCATE|[91]|Bytes:28
01:51:29.3 (41953903)|CONSTRUCTOR_ENTRY|[91]|01p2800000FELrp|<init>()
01:51:29.3 (41970007)|VARIABLE_SCOPE_BEGIN|[167]|this|RecentlyViewedRecords.objectWrapper|true|false
01:51:29.3 (42004556)|VARIABLE_ASSIGNMENT|[167]|this|{}|0x698ed2d6
01:51:29.3 (42014683)|HEAP_ALLOCATE|[EXTERNAL]|Bytes:6
01:51:29.3 (42038670)|STATEMENT_EXECUTE|[167]
01:51:29.3 (42044084)|STATEMENT_EXECUTE|[169]
01:51:29.3 (42045558)|STATEMENT_EXECUTE|[171]
01:51:29.3 (42046430)|STATEMENT_EXECUTE|[173]
01:51:29.3 (42047487)|STATEMENT_EXECUTE|[175]
01:51:29.3 (42048481)|STATEMENT_EXECUTE|[177]
01:51:29.3 (42049327)|STATEMENT_EXECUTE|[179]
01:51:29.3 (42053069)|CONSTRUCTOR_EXIT|[91]|01p2800000FELrp|<init>()
01:51:29.3 (42058734)|VARIABLE_SCOPE_BEGIN|[91]|ow|RecentlyViewedRecords.objectWrapper|true|false
01:51:29.3 (42075473)|VARIABLE_ASSIGNMENT|[91]|ow|{}|0x698ed2d6
01:51:29.3 (42080325)|STATEMENT_EXECUTE|[92]
01:51:29.3 (42153263)|HEAP_ALLOCATE|[92]|Bytes:8
01:51:29.3 (42172095)|HEAP_ALLOCATE|[92]|Bytes:12
01:51:29.3 (42205240)|VARIABLE_ASSIGNMENT|[EXTERNAL]|this|{}|0x698ed2d6
01:51:29.3 (42215805)|VARIABLE_ASSIGNMENT|[EXTERNAL]|value|"Account Name"
01:51:29.3 (42226397)|VARIABLE_ASSIGNMENT|[169]|this.label|"Account Name"|0x698ed2d6
01:51:29.3 (42234638)|STATEMENT_EXECUTE|[93]
01:51:29.3 (42283928)|HEAP_ALLOCATE|[93]|Bytes:7
01:51:29.3 (42301647)|HEAP_ALLOCATE|[93]|Bytes:7
01:51:29.3 (42327859)|VARIABLE_ASSIGNMENT|[EXTERNAL]|this|{"label":"Account Name"}|0x698ed2d6
01:51:29.3 (42335304)|VARIABLE_ASSIGNMENT|[EXTERNAL]|value|"event 1"
01:51:29.3 (42342571)|VARIABLE_ASSIGNMENT|[171]|this.value|"event 1"|0x698ed2d6
01:51:29.3 (42350524)|STATEMENT_EXECUTE|[94]
01:51:29.3 (42390441)|VARIABLE_ASSIGNMENT|[EXTERNAL]|this|{"label":"Account Name","value":"event 1"}|0x698ed2d6
01:51:29.3 (42398401)|VARIABLE_ASSIGNMENT|[EXTERNAL]|value|null
01:51:29.3 (42405393)|VARIABLE_ASSIGNMENT|[173]|this.refName|null|0x698ed2d6
01:51:29.3 (42412474)|STATEMENT_EXECUTE|[95]
01:51:29.3 (42433285)|VARIABLE_ASSIGNMENT|[EXTERNAL]|this|{"label":"Account Name","value":"event 1"}|0x698ed2d6
01:51:29.3 (42440751)|VARIABLE_ASSIGNMENT|[EXTERNAL]|value|"name"
01:51:29.3 (42446985)|VARIABLE_ASSIGNMENT|[175]|this.api|"name"|0x698ed2d6
01:51:29.3 (42454332)|STATEMENT_EXECUTE|[96]
01:51:29.3 (42497328)|HEAP_ALLOCATE|[96]|Bytes:8
01:51:29.3 (42532408)|HEAP_ALLOCATE|[96]|Bytes:12
01:51:29.3 (42550474)|HEAP_ALLOCATE|[96]|Bytes:6
01:51:29.3 (42576799)|VARIABLE_ASSIGNMENT|[EXTERNAL]|this|{"api":"name","label":"Account Name","value":"event 1"}|0x698ed2d6
01:51:29.3 (42584626)|VARIABLE_ASSIGNMENT|[EXTERNAL]|value|"STRING"
01:51:29.3 (42592057)|VARIABLE_ASSIGNMENT|[177]|this.type|"STRING"|0x698ed2d6
01:51:29.3 (42599316)|STATEMENT_EXECUTE|[98]
01:51:29.3 (42601774)|HEAP_ALLOCATE|[98]|Bytes:4
01:51:29.3 (42638128)|HEAP_ALLOCATE|[98]|Bytes:100
01:51:29.3 (42654483)|HEAP_ALLOCATE|[98]|Bytes:104
01:51:29.3 (42663396)|USER_DEBUG|[98]|DEBUG|ow==objectWrapper:[api=name, iconUrl=null, label=Account Name, refName=null, type=STRING, value=event 1]
01:51:29.3 (42669966)|STATEMENT_EXECUTE|[99]
01:51:29.3 (42691082)|HEAP_ALLOCATE|[EXTERNAL]|Bytes:4
01:51:29.3 (42705053)|HEAP_ALLOCATE|[88]|Bytes:5
01:51:29.3 (42713718)|HEAP_ALLOCATE|[88]|Bytes:13
01:51:29.3 (42719970)|VARIABLE_SCOPE_BEGIN|[88]|st|String|false|false
01:51:29.3 (42729791)|VARIABLE_ASSIGNMENT|[88]|st|"accountnumber"
01:51:29.3 (42734529)|STATEMENT_EXECUTE|[88]
01:51:29.3 (42745865)|STATEMENT_EXECUTE|[89]
01:51:29.3 (42747344)|STATEMENT_EXECUTE|[90]
01:51:29.3 (42751971)|METHOD_ENTRY|[90]|01p2800000FELrp|RecentlyViewedRecords.findFieldInfo(String, String)
01:51:29.3 (42758280)|VARIABLE_SCOPE_BEGIN|[136]|objName|String|false|false
01:51:29.3 (42765754)|VARIABLE_ASSIGNMENT|[136]|objName|"Account"
01:51:29.3 (42769212)|VARIABLE_SCOPE_BEGIN|[136]|fieldApi|String|false|false
01:51:29.3 (42777041)|VARIABLE_ASSIGNMENT|[136]|fieldApi|"accountnumber"
01:51:29.3 (42781528)|STATEMENT_EXECUTE|[136]
01:51:29.3 (42782542)|STATEMENT_EXECUTE|[137]
01:51:29.3 (42793194)|VARIABLE_SCOPE_BEGIN|[137]|leadSchema|Schema.SObjectType|true|false
01:51:29.3 (42845198)|VARIABLE_ASSIGNMENT|[137]|leadSchema|"common.apex.runtime.impl.ApexSObjectTypeToken@4c08464d"|0x4c08464d
01:51:29.3 (42855905)|STATEMENT_EXECUTE|[138]
01:51:29.3 (42873094)|HEAP_ALLOCATE|[138]|Bytes:4
01:51:29.3 (43085968)|HEAP_ALLOCATE|[138]|Bytes:296
01:51:29.3 (43098029)|METHOD_EXIT|[90]|01p2800000FELrp|RecentlyViewedRecords.findFieldInfo(String, String)
01:51:29.3 (43104639)|VARIABLE_SCOPE_BEGIN|[90]|fieldMap|Map<String,Schema.SObjectField>|true|false
01:51:29.3 (43242912)|VARIABLE_ASSIGNMENT|[90]|fieldMap|"{acchierarchy__haschildwithchanges__c=accHierarchy__hasChildWithChanges__c, acchierarchy__hierarchy_parents__c=accHierarchy__Hierarchy_Parents__c, acchierarchy__on_previous_hierarchy_level__c=accHierarchy__On_Previous_Hierarchy_Level__c, acchierarchy__topparentid__c=accHierarchy__TopParentId__c, accountnumber=AccountNumber, accountsource=AccountSource, active__c=Active__c, annualrevenue=AnnualRevenue, billingaddress=BillingAddress, billingcity=BillingCity, ...}"|0x138addec
01:51:29.3 (43259737)|STATEMENT_EXECUTE|[91]
01:51:29.3 (43264571)|HEAP_ALLOCATE|[91]|Bytes:28
01:51:29.3 (43271904)|CONSTRUCTOR_ENTRY|[91]|01p2800000FELrp|<init>()
01:51:29.3 (43278088)|VARIABLE_SCOPE_BEGIN|[167]|this|RecentlyViewedRecords.objectWrapper|true|false
01:51:29.3 (43302099)|VARIABLE_ASSIGNMENT|[167]|this|{}|0xc0db529
01:51:29.3 (43316795)|STATEMENT_EXECUTE|[167]
01:51:29.3 (43317920)|STATEMENT_EXECUTE|[169]
01:51:29.3 (43318858)|STATEMENT_EXECUTE|[171]
01:51:29.3 (43319674)|STATEMENT_EXECUTE|[173]
01:51:29.3 (43320489)|STATEMENT_EXECUTE|[175]
01:51:29.3 (43321321)|STATEMENT_EXECUTE|[177]
01:51:29.3 (43322121)|STATEMENT_EXECUTE|[179]
01:51:29.3 (43325328)|CONSTRUCTOR_EXIT|[91]|01p2800000FELrp|<init>()
01:51:29.3 (43331439)|VARIABLE_SCOPE_BEGIN|[91]|ow|RecentlyViewedRecords.objectWrapper|true|false
01:51:29.3 (43346853)|VARIABLE_ASSIGNMENT|[91]|ow|{}|0xc0db529
01:51:29.3 (43352337)|STATEMENT_EXECUTE|[92]
01:51:29.3 (43388199)|HEAP_ALLOCATE|[92]|Bytes:8
01:51:29.3 (43398849)|HEAP_ALLOCATE|[92]|Bytes:14
01:51:29.3 (43416625)|VARIABLE_ASSIGNMENT|[EXTERNAL]|this|{}|0xc0db529
01:51:29.3 (43424467)|VARIABLE_ASSIGNMENT|[EXTERNAL]|value|"Account Number"
01:51:29.3 (43432007)|VARIABLE_ASSIGNMENT|[169]|this.label|"Account Number"|0xc0db529
01:51:29.3 (43440084)|STATEMENT_EXECUTE|[93]
01:51:29.3 (43490003)|VARIABLE_ASSIGNMENT|[EXTERNAL]|this|{"label":"Account Number"}|0xc0db529
01:51:29.3 (43497644)|VARIABLE_ASSIGNMENT|[EXTERNAL]|value|null
01:51:29.3 (43504094)|VARIABLE_ASSIGNMENT|[171]|this.value|null|0xc0db529
01:51:29.3 (43511723)|STATEMENT_EXECUTE|[94]
01:51:29.3 (43531551)|VARIABLE_ASSIGNMENT|[EXTERNAL]|this|{"label":"Account Number"}|0xc0db529
01:51:29.3 (43538097)|VARIABLE_ASSIGNMENT|[EXTERNAL]|value|null
01:51:29.3 (43543223)|VARIABLE_ASSIGNMENT|[173]|this.refName|null|0xc0db529
01:51:29.3 (43549594)|STATEMENT_EXECUTE|[95]
01:51:29.3 (43560816)|VARIABLE_ASSIGNMENT|[EXTERNAL]|this|{"label":"Account Number"}|0xc0db529
01:51:29.3 (43567162)|VARIABLE_ASSIGNMENT|[EXTERNAL]|value|"accountnumber"
01:51:29.3 (43572858)|VARIABLE_ASSIGNMENT|[175]|this.api|"accountnumber"|0xc0db529
01:51:29.3 (43578681)|STATEMENT_EXECUTE|[96]
01:51:29.3 (43604597)|HEAP_ALLOCATE|[96]|Bytes:8
01:51:29.3 (43628594)|HEAP_ALLOCATE|[96]|Bytes:12
01:51:29.3 (43645012)|HEAP_ALLOCATE|[96]|Bytes:6
01:51:29.3 (43672286)|VARIABLE_ASSIGNMENT|[EXTERNAL]|this|{"api":"accountnumber","label":"Account Number"}|0xc0db529
01:51:29.3 (43680409)|VARIABLE_ASSIGNMENT|[EXTERNAL]|value|"STRING"
01:51:29.3 (43687646)|VARIABLE_ASSIGNMENT|[177]|this.type|"STRING"|0xc0db529
01:51:29.3 (43696691)|STATEMENT_EXECUTE|[98]
01:51:29.3 (43717739)|HEAP_ALLOCATE|[98]|Bytes:108
01:51:29.3 (43727706)|HEAP_ALLOCATE|[98]|Bytes:112
01:51:29.3 (43735395)|USER_DEBUG|[98]|DEBUG|ow==objectWrapper:[api=accountnumber, iconUrl=null, label=Account Number, refName=null, type=STRING, value=null]
01:51:29.3 (43742855)|STATEMENT_EXECUTE|[99]
01:51:29.3 (43749262)|HEAP_ALLOCATE|[EXTERNAL]|Bytes:4
01:51:29.3 (43765972)|HEAP_ALLOCATE|[88]|Bytes:5
01:51:29.3 (43774866)|HEAP_ALLOCATE|[88]|Bytes:9
01:51:29.3 (43780874)|VARIABLE_SCOPE_BEGIN|[88]|st|String|false|false
01:51:29.3 (43790783)|VARIABLE_ASSIGNMENT|[88]|st|"active__c"
01:51:29.3 (43796657)|STATEMENT_EXECUTE|[88]
01:51:29.3 (43804431)|STATEMENT_EXECUTE|[89]
01:51:29.3 (43805422)|STATEMENT_EXECUTE|[90]
01:51:29.3 (43809911)|METHOD_ENTRY|[90]|01p2800000FELrp|RecentlyViewedRecords.findFieldInfo(String, String)
01:51:29.3 (43815260)|VARIABLE_SCOPE_BEGIN|[136]|objName|String|false|false
01:51:29.3 (43822175)|VARIABLE_ASSIGNMENT|[136]|objName|"Account"
01:51:29.3 (43826260)|VARIABLE_SCOPE_BEGIN|[136]|fieldApi|String|false|false
01:51:29.3 (43832073)|VARIABLE_ASSIGNMENT|[136]|fieldApi|"active__c"
01:51:29.3 (43836072)|STATEMENT_EXECUTE|[136]
01:51:29.3 (43837042)|STATEMENT_EXECUTE|[137]
01:51:29.3 (43847722)|VARIABLE_SCOPE_BEGIN|[137]|leadSchema|Schema.SObjectType|true|false
01:51:29.3 (43902540)|VARIABLE_ASSIGNMENT|[137]|leadSchema|"common.apex.runtime.impl.ApexSObjectTypeToken@4c08464d"|0x4c08464d
01:51:29.3 (43909699)|STATEMENT_EXECUTE|[138]
01:51:29.3 (43925530)|HEAP_ALLOCATE|[138]|Bytes:4
01:51:29.3 (44133791)|HEAP_ALLOCATE|[138]|Bytes:296
01:51:29.3 (44147657)|METHOD_EXIT|[90]|01p2800000FELrp|RecentlyViewedRecords.findFieldInfo(String, String)
01:51:29.3 (44154701)|VARIABLE_SCOPE_BEGIN|[90]|fieldMap|Map<String,Schema.SObjectField>|true|false
01:51:29.3 (44292393)|VARIABLE_ASSIGNMENT|[90]|fieldMap|"{acchierarchy__haschildwithchanges__c=accHierarchy__hasChildWithChanges__c, acchierarchy__hierarchy_parents__c=accHierarchy__Hierarchy_Parents__c, acchierarchy__on_previous_hierarchy_level__c=accHierarchy__On_Previous_Hierarchy_Level__c, acchierarchy__topparentid__c=accHierarchy__TopParentId__c, accountnumber=AccountNumber, accountsource=AccountSource, active__c=Active__c, annualrevenue=AnnualRevenue, billingaddress=BillingAddress, billingcity=BillingCity, ...}"|0x248e16e9
01:51:29.3 (44306360)|STATEMENT_EXECUTE|[91]
01:51:29.3 (44310943)|HEAP_ALLOCATE|[91]|Bytes:28
01:51:29.3 (44319346)|CONSTRUCTOR_ENTRY|[91]|01p2800000FELrp|<init>()
01:51:29.3 (44325068)|VARIABLE_SCOPE_BEGIN|[167]|this|RecentlyViewedRecords.objectWrapper|true|false
01:51:29.3 (44344665)|VARIABLE_ASSIGNMENT|[167]|this|{}|0x4221c5a5
01:51:29.3 (44358310)|STATEMENT_EXECUTE|[167]
01:51:29.3 (44359813)|STATEMENT_EXECUTE|[169]
01:51:29.3 (44360984)|STATEMENT_EXECUTE|[171]
01:51:29.3 (44361834)|STATEMENT_EXECUTE|[173]
01:51:29.3 (44362674)|STATEMENT_EXECUTE|[175]
01:51:29.3 (44363466)|STATEMENT_EXECUTE|[177]
01:51:29.3 (44364343)|STATEMENT_EXECUTE|[179]
01:51:29.3 (44366683)|CONSTRUCTOR_EXIT|[91]|01p2800000FELrp|<init>()
01:51:29.3 (44376527)|VARIABLE_SCOPE_BEGIN|[91]|ow|RecentlyViewedRecords.objectWrapper|true|false
01:51:29.3 (44391502)|VARIABLE_ASSIGNMENT|[91]|ow|{}|0x4221c5a5
01:51:29.3 (44398898)|STATEMENT_EXECUTE|[92]
01:51:29.3 (44436123)|HEAP_ALLOCATE|[92]|Bytes:8
01:51:29.3 (44446727)|HEAP_ALLOCATE|[92]|Bytes:6
01:51:29.3 (44464702)|VARIABLE_ASSIGNMENT|[EXTERNAL]|this|{}|0x4221c5a5
01:51:29.3 (44471933)|VARIABLE_ASSIGNMENT|[EXTERNAL]|value|"Active"
01:51:29.3 (44480653)|VARIABLE_ASSIGNMENT|[169]|this.label|"Active"|0x4221c5a5
01:51:29.3 (44488456)|STATEMENT_EXECUTE|[93]
01:51:29.3 (44539198)|VARIABLE_ASSIGNMENT|[EXTERNAL]|this|{"label":"Active"}|0x4221c5a5
01:51:29.3 (44546911)|VARIABLE_ASSIGNMENT|[EXTERNAL]|value|null
01:51:29.3 (44553189)|VARIABLE_ASSIGNMENT|[171]|this.value|null|0x4221c5a5
01:51:29.3 (44560355)|STATEMENT_EXECUTE|[94]
01:51:29.3 (44580218)|VARIABLE_ASSIGNMENT|[EXTERNAL]|this|{"label":"Active"}|0x4221c5a5
01:51:29.3 (44586338)|VARIABLE_ASSIGNMENT|[EXTERNAL]|value|null
01:51:29.3 (44591673)|VARIABLE_ASSIGNMENT|[173]|this.refName|null|0x4221c5a5
01:51:29.3 (44598430)|STATEMENT_EXECUTE|[95]
01:51:29.3 (44609682)|VARIABLE_ASSIGNMENT|[EXTERNAL]|this|{"label":"Active"}|0x4221c5a5
01:51:29.3 (44615909)|VARIABLE_ASSIGNMENT|[EXTERNAL]|value|"active__c"
01:51:29.3 (44621205)|VARIABLE_ASSIGNMENT|[175]|this.api|"active__c"|0x4221c5a5
01:51:29.3 (44627506)|STATEMENT_EXECUTE|[96]
01:51:29.3 (44654529)|HEAP_ALLOCATE|[96]|Bytes:8
01:51:29.3 (44682550)|HEAP_ALLOCATE|[96]|Bytes:12
01:51:29.3 (44701010)|HEAP_ALLOCATE|[96]|Bytes:8
01:51:29.3 (44725770)|VARIABLE_ASSIGNMENT|[EXTERNAL]|this|{"api":"active__c","label":"Active"}|0x4221c5a5
01:51:29.3 (44733195)|VARIABLE_ASSIGNMENT|[EXTERNAL]|value|"PICKLIST"
01:51:29.3 (44739318)|VARIABLE_ASSIGNMENT|[177]|this.type|"PICKLIST"|0x4221c5a5
01:51:29.3 (44751988)|STATEMENT_EXECUTE|[98]
01:51:29.3 (44772633)|HEAP_ALLOCATE|[98]|Bytes:98
01:51:29.3 (44782752)|HEAP_ALLOCATE|[98]|Bytes:102
01:51:29.3 (44792717)|USER_DEBUG|[98]|DEBUG|ow==objectWrapper:[api=active__c, iconUrl=null, label=Active, refName=null, type=PICKLIST, value=null]
01:51:29.3 (44799003)|STATEMENT_EXECUTE|[99]
01:51:29.3 (44805633)|HEAP_ALLOCATE|[EXTERNAL]|Bytes:4
01:51:29.3 (44817102)|HEAP_ALLOCATE|[88]|Bytes:5
01:51:29.3 (44825495)|HEAP_ALLOCATE|[88]|Bytes:19
01:51:29.3 (44831218)|VARIABLE_SCOPE_BEGIN|[88]|st|String|false|false
01:51:29.3 (44846634)|VARIABLE_ASSIGNMENT|[88]|st|"customerpriority__c"
01:51:29.3 (44851275)|STATEMENT_EXECUTE|[88]
01:51:29.3 (44859180)|STATEMENT_EXECUTE|[89]
01:51:29.3 (44860316)|STATEMENT_EXECUTE|[90]
01:51:29.3 (44864908)|METHOD_ENTRY|[90]|01p2800000FELrp|RecentlyViewedRecords.findFieldInfo(String, String)
01:51:29.3 (44870248)|VARIABLE_SCOPE_BEGIN|[136]|objName|String|false|false
01:51:29.3 (44878694)|VARIABLE_ASSIGNMENT|[136]|objName|"Account"
01:51:29.3 (44882427)|VARIABLE_SCOPE_BEGIN|[136]|fieldApi|String|false|false
01:51:29.3 (44889492)|VARIABLE_ASSIGNMENT|[136]|fieldApi|"customerpriority__c"
01:51:29.3 (44893615)|STATEMENT_EXECUTE|[136]
01:51:29.3 (44894638)|STATEMENT_EXECUTE|[137]
01:51:29.3 (44905132)|VARIABLE_SCOPE_BEGIN|[137]|leadSchema|Schema.SObjectType|true|false
01:51:29.3 (44962195)|VARIABLE_ASSIGNMENT|[137]|leadSchema|"common.apex.runtime.impl.ApexSObjectTypeToken@4c08464d"|0x4c08464d
01:51:29.3 (44970085)|STATEMENT_EXECUTE|[138]
01:51:29.3 (44984696)|HEAP_ALLOCATE|[138]|Bytes:4
01:51:29.3 (45195552)|HEAP_ALLOCATE|[138]|Bytes:296
01:51:29.3 (45207596)|METHOD_EXIT|[90]|01p2800000FELrp|RecentlyViewedRecords.findFieldInfo(String, String)
01:51:29.3 (45214667)|VARIABLE_SCOPE_BEGIN|[90]|fieldMap|Map<String,Schema.SObjectField>|true|false
01:51:29.3 (45355000)|VARIABLE_ASSIGNMENT|[90]|fieldMap|"{acchierarchy__haschildwithchanges__c=accHierarchy__hasChildWithChanges__c, acchierarchy__hierarchy_parents__c=accHierarchy__Hierarchy_Parents__c, acchierarchy__on_previous_hierarchy_level__c=accHierarchy__On_Previous_Hierarchy_Level__c, acchierarchy__topparentid__c=accHierarchy__TopParentId__c, accountnumber=AccountNumber, accountsource=AccountSource, active__c=Active__c, annualrevenue=AnnualRevenue, billingaddress=BillingAddress, billingcity=BillingCity, ...}"|0x78115b0
01:51:29.3 (45368778)|STATEMENT_EXECUTE|[91]
01:51:29.3 (45373591)|HEAP_ALLOCATE|[91]|Bytes:28
01:51:29.3 (45381392)|CONSTRUCTOR_ENTRY|[91]|01p2800000FELrp|<init>()
01:51:29.3 (45386985)|VARIABLE_SCOPE_BEGIN|[167]|this|RecentlyViewedRecords.objectWrapper|true|false
01:51:29.3 (45407065)|VARIABLE_ASSIGNMENT|[167]|this|{}|0x66445c94
01:51:29.3 (45421421)|STATEMENT_EXECUTE|[167]
01:51:29.3 (45422670)|STATEMENT_EXECUTE|[169]
01:51:29.3 (45423579)|STATEMENT_EXECUTE|[171]
01:51:29.3 (45424368)|STATEMENT_EXECUTE|[173]
01:51:29.3 (45425179)|STATEMENT_EXECUTE|[175]
01:51:29.3 (45425964)|STATEMENT_EXECUTE|[177]
01:51:29.3 (45426747)|STATEMENT_EXECUTE|[179]
01:51:29.3 (45429175)|CONSTRUCTOR_EXIT|[91]|01p2800000FELrp|<init>()
01:51:29.3 (45434481)|VARIABLE_SCOPE_BEGIN|[91]|ow|RecentlyViewedRecords.objectWrapper|true|false
01:51:29.3 (45449174)|VARIABLE_ASSIGNMENT|[91]|ow|{}|0x66445c94
01:51:29.3 (45454922)|STATEMENT_EXECUTE|[92]
01:51:29.3 (45491214)|HEAP_ALLOCATE|[92]|Bytes:8
01:51:29.3 (45501651)|HEAP_ALLOCATE|[92]|Bytes:17
01:51:29.3 (45519908)|VARIABLE_ASSIGNMENT|[EXTERNAL]|this|{}|0x66445c94
01:51:29.3 (45527447)|VARIABLE_ASSIGNMENT|[EXTERNAL]|value|"Customer Priority"
01:51:29.3 (45535306)|VARIABLE_ASSIGNMENT|[169]|this.label|"Customer Priority"|0x66445c94
01:51:29.3 (45542967)|STATEMENT_EXECUTE|[93]
01:51:29.3 (45593857)|VARIABLE_ASSIGNMENT|[EXTERNAL]|this|{"label":"Customer Priority"}|0x66445c94
01:51:29.3 (45601872)|VARIABLE_ASSIGNMENT|[EXTERNAL]|value|null
01:51:29.3 (45608749)|VARIABLE_ASSIGNMENT|[171]|this.value|null|0x66445c94
01:51:29.3 (45616425)|STATEMENT_EXECUTE|[94]
01:51:29.3 (45644517)|VARIABLE_ASSIGNMENT|[EXTERNAL]|this|{"label":"Customer Priority"}|0x66445c94
01:51:29.3 (45652328)|VARIABLE_ASSIGNMENT|[EXTERNAL]|value|null
01:51:29.3 (45658466)|VARIABLE_ASSIGNMENT|[173]|this.refName|null|0x66445c94
01:51:29.3 (45665160)|STATEMENT_EXECUTE|[95]
01:51:29.3 (45676232)|VARIABLE_ASSIGNMENT|[EXTERNAL]|this|{"label":"Customer Priority"}|0x66445c94
01:51:29.3 (45682557)|VARIABLE_ASSIGNMENT|[EXTERNAL]|value|"customerpriority__c"
01:51:29.3 (45688985)|VARIABLE_ASSIGNMENT|[175]|this.api|"customerpriority__c"|0x66445c94
01:51:29.3 (45694716)|STATEMENT_EXECUTE|[96]
01:51:29.3 (45724994)|HEAP_ALLOCATE|[96]|Bytes:8
01:51:29.3 (45748705)|HEAP_ALLOCATE|[96]|Bytes:12
01:51:29.3 (45765432)|HEAP_ALLOCATE|[96]|Bytes:8
01:51:29.3 (45787907)|VARIABLE_ASSIGNMENT|[EXTERNAL]|this|{"api":"customerpriority__c","label":"Customer Priority"}|0x66445c94
01:51:29.3 (45798708)|VARIABLE_ASSIGNMENT|[EXTERNAL]|value|"PICKLIST"
01:51:29.3 (45805902)|VARIABLE_ASSIGNMENT|[177]|this.type|"PICKLIST"|0x66445c94
01:51:29.3 (45813551)|STATEMENT_EXECUTE|[98]
01:51:29.3 (45835361)|HEAP_ALLOCATE|[98]|Bytes:119
01:51:29.3 (45845333)|HEAP_ALLOCATE|[98]|Bytes:123
01:51:29.3 (45853254)|USER_DEBUG|[98]|DEBUG|ow==objectWrapper:[api=customerpriority__c, iconUrl=null, label=Customer Priority, refName=null, type=PICKLIST, value=null]
01:51:29.3 (45860689)|STATEMENT_EXECUTE|[99]
01:51:29.3 (45867060)|HEAP_ALLOCATE|[EXTERNAL]|Bytes:4
01:51:29.3 (45881231)|HEAP_ALLOCATE|[88]|Bytes:5
01:51:29.3 (45893801)|HEAP_ALLOCATE|[88]|Bytes:11
01:51:29.3 (45899636)|VARIABLE_SCOPE_BEGIN|[88]|st|String|false|false
01:51:29.3 (45909720)|VARIABLE_ASSIGNMENT|[88]|st|"createddate"
01:51:29.3 (45914287)|STATEMENT_EXECUTE|[88]
01:51:29.3 (45923126)|STATEMENT_EXECUTE|[89]
01:51:29.3 (45924231)|STATEMENT_EXECUTE|[90]
01:51:29.3 (45928842)|METHOD_ENTRY|[90]|01p2800000FELrp|RecentlyViewedRecords.findFieldInfo(String, String)
01:51:29.3 (45934579)|VARIABLE_SCOPE_BEGIN|[136]|objName|String|false|false
01:51:29.3 (45941543)|VARIABLE_ASSIGNMENT|[136]|objName|"Account"
01:51:29.3 (45945067)|VARIABLE_SCOPE_BEGIN|[136]|fieldApi|String|false|false
01:51:29.3 (45951834)|VARIABLE_ASSIGNMENT|[136]|fieldApi|"createddate"
01:51:29.3 (45955935)|STATEMENT_EXECUTE|[136]
01:51:29.3 (45956891)|STATEMENT_EXECUTE|[137]
01:51:29.3 (45967464)|VARIABLE_SCOPE_BEGIN|[137]|leadSchema|Schema.SObjectType|true|false
01:51:29.3 (46019854)|VARIABLE_ASSIGNMENT|[137]|leadSchema|"common.apex.runtime.impl.ApexSObjectTypeToken@4c08464d"|0x4c08464d
01:51:29.3 (46027061)|STATEMENT_EXECUTE|[138]
01:51:29.3 (46045620)|HEAP_ALLOCATE|[138]|Bytes:4
01:51:29.3 (46241101)|HEAP_ALLOCATE|[138]|Bytes:296
01:51:29.3 (46252555)|METHOD_EXIT|[90]|01p2800000FELrp|RecentlyViewedRecords.findFieldInfo(String, String)
01:51:29.3 (46259411)|VARIABLE_SCOPE_BEGIN|[90]|fieldMap|Map<String,Schema.SObjectField>|true|false
01:51:29.3 (46387025)|VARIABLE_ASSIGNMENT|[90]|fieldMap|"{acchierarchy__haschildwithchanges__c=accHierarchy__hasChildWithChanges__c, acchierarchy__hierarchy_parents__c=accHierarchy__Hierarchy_Parents__c, acchierarchy__on_previous_hierarchy_level__c=accHierarchy__On_Previous_Hierarchy_Level__c, acchierarchy__topparentid__c=accHierarchy__TopParentId__c, accountnumber=AccountNumber, accountsource=AccountSource, active__c=Active__c, annualrevenue=AnnualRevenue, billingaddress=BillingAddress, billingcity=BillingCity, ...}"|0x322927eb
01:51:29.3 (46400852)|STATEMENT_EXECUTE|[91]
01:51:29.3 (46405518)|HEAP_ALLOCATE|[91]|Bytes:28
01:51:29.3 (46412685)|CONSTRUCTOR_ENTRY|[91]|01p2800000FELrp|<init>()
01:51:29.3 (46418296)|VARIABLE_SCOPE_BEGIN|[167]|this|RecentlyViewedRecords.objectWrapper|true|false
01:51:29.3 (46437806)|VARIABLE_ASSIGNMENT|[167]|this|{}|0x7e69d0e6
01:51:29.3 (46456044)|STATEMENT_EXECUTE|[167]
01:51:29.3 (46457517)|STATEMENT_EXECUTE|[169]
01:51:29.3 (46458550)|STATEMENT_EXECUTE|[171]
01:51:29.3 (46459336)|STATEMENT_EXECUTE|[173]
01:51:29.3 (46460271)|STATEMENT_EXECUTE|[175]
01:51:29.3 (46461077)|STATEMENT_EXECUTE|[177]
01:51:29.3 (46461849)|STATEMENT_EXECUTE|[179]
01:51:29.3 (46464317)|CONSTRUCTOR_EXIT|[91]|01p2800000FELrp|<init>()
01:51:29.3 (46470644)|VARIABLE_SCOPE_BEGIN|[91]|ow|RecentlyViewedRecords.objectWrapper|true|false
01:51:29.3 (46486273)|VARIABLE_ASSIGNMENT|[91]|ow|{}|0x7e69d0e6
01:51:29.3 (46491843)|STATEMENT_EXECUTE|[92]
01:51:29.3 (46530408)|HEAP_ALLOCATE|[92]|Bytes:8
01:51:29.3 (46541084)|HEAP_ALLOCATE|[92]|Bytes:12
01:51:29.3 (46560246)|VARIABLE_ASSIGNMENT|[EXTERNAL]|this|{}|0x7e69d0e6
01:51:29.3 (46568479)|VARIABLE_ASSIGNMENT|[EXTERNAL]|value|"Created Date"
01:51:29.3 (46576263)|VARIABLE_ASSIGNMENT|[169]|this.label|"Created Date"|0x7e69d0e6
01:51:29.3 (46583800)|STATEMENT_EXECUTE|[93]
01:51:29.3 (46616235)|HEAP_ALLOCATE|[93]|Bytes:56
01:51:29.3 (46640920)|HEAP_ALLOCATE|[93]|Bytes:19
01:51:29.3 (46665920)|VARIABLE_ASSIGNMENT|[EXTERNAL]|this|{"label":"Created Date"}|0x7e69d0e6
01:51:29.3 (46678034)|VARIABLE_ASSIGNMENT|[EXTERNAL]|value|"2017-07-04 08:56:59"
01:51:29.3 (46685313)|VARIABLE_ASSIGNMENT|[171]|this.value|"2017-07-04 08:56:59"|0x7e69d0e6
01:51:29.3 (46692794)|STATEMENT_EXECUTE|[94]
01:51:29.3 (46714974)|VARIABLE_ASSIGNMENT|[EXTERNAL]|this|{"label":"Created Date","value":"2017-07-04 08:56:59"}|0x7e69d0e6
01:51:29.3 (46721810)|VARIABLE_ASSIGNMENT|[EXTERNAL]|value|null
01:51:29.3 (46727727)|VARIABLE_ASSIGNMENT|[173]|this.refName|null|0x7e69d0e6
01:51:29.3 (46738735)|STATEMENT_EXECUTE|[95]
01:51:29.3 (46751749)|VARIABLE_ASSIGNMENT|[EXTERNAL]|this|{"label":"Created Date","value":"2017-07-04 08:56:59"}|0x7e69d0e6
01:51:29.3 (46758655)|VARIABLE_ASSIGNMENT|[EXTERNAL]|value|"createddate"
01:51:29.3 (46765045)|VARIABLE_ASSIGNMENT|[175]|this.api|"createddate"|0x7e69d0e6
01:51:29.3 (46771805)|STATEMENT_EXECUTE|[96]
01:51:29.3 (46802267)|HEAP_ALLOCATE|[96]|Bytes:8
01:51:29.3 (46826202)|HEAP_ALLOCATE|[96]|Bytes:12
01:51:29.3 (46844196)|HEAP_ALLOCATE|[96]|Bytes:8
01:51:29.3 (46869202)|VARIABLE_ASSIGNMENT|[EXTERNAL]|this|{"api":"createddate","label":"Created Date","value":"2017-07-04 08:56:59"}|0x7e69d0e6
01:51:29.3 (46876593)|VARIABLE_ASSIGNMENT|[EXTERNAL]|value|"DATETIME"
01:51:29.3 (46883489)|VARIABLE_ASSIGNMENT|[177]|this.type|"DATETIME"|0x7e69d0e6
01:51:29.3 (46894398)|STATEMENT_EXECUTE|[98]
01:51:29.3 (46914761)|HEAP_ALLOCATE|[98]|Bytes:121
01:51:29.3 (46926747)|HEAP_ALLOCATE|[98]|Bytes:125
01:51:29.3 (46934304)|USER_DEBUG|[98]|DEBUG|ow==objectWrapper:[api=createddate, iconUrl=null, label=Created Date, refName=null, type=DATETIME, value=2017-07-04 08:56:59]
01:51:29.3 (46941493)|STATEMENT_EXECUTE|[99]
01:51:29.3 (46947972)|HEAP_ALLOCATE|[EXTERNAL]|Bytes:4
01:51:29.3 (46960106)|HEAP_ALLOCATE|[88]|Bytes:5
01:51:29.3 (46969831)|VARIABLE_ASSIGNMENT|[88]|st|null
01:51:29.3 (46974789)|STATEMENT_EXECUTE|[102]
01:51:29.3 (46982595)|SYSTEM_MODE_EXIT|false
01:51:29.47 (47008250)|CUMULATIVE_LIMIT_USAGE
01:51:29.47 (47008250)|LIMIT_USAGE_FOR_NS|(default)|
  Number of SOQL queries: 1 out of 100
  Number of query rows: 1 out of 50000
  Number of SOSL queries: 0 out of 20
  Number of DML statements: 0 out of 150
  Number of DML rows: 0 out of 10000
  Maximum CPU time: 0 out of 10000
  Maximum heap size: 0 out of 6000000
  Number of callouts: 0 out of 100
  Number of Email Invocations: 0 out of 10
  Number of future calls: 0 out of 50
  Number of queueable jobs added to the queue: 0 out of 50
  Number of Mobile Apex push calls: 0 out of 10

01:51:29.47 (47008250)|CUMULATIVE_LIMIT_USAGE_END

01:51:29.3 (47042766)|CODE_UNIT_FINISHED|RecentlyViewedRecords.queryCompactLayout
01:51:29.3 (48221277)|EXECUTION_FINISHED
01:51:29.49 (49515638)|USER_INFO|[EXTERNAL]|00528000001JBjQ|ramu.veligeti@yahoo.co.in|Pacific Standard Time|GMT-07:00
01:51:29.49 (49531598)|EXECUTION_STARTED
01:51:29.49 (49534360)|CODE_UNIT_STARTED|[EXTERNAL]|Aura
01:51:29.49 (49565347)|CODE_UNIT_FINISHED|Aura
01:51:29.49 (50186679)|EXECUTION_FINISHED
01:51:29.50 (50816376)|USER_INFO|[EXTERNAL]|00528000001JBjQ|ramu.veligeti@yahoo.co.in|Pacific Standard Time|GMT-07:00
01:51:29.50 (50829500)|EXECUTION_STARTED
01:51:29.50 (50831789)|CODE_UNIT_STARTED|[EXTERNAL]|Aura
01:51:29.50 (50860469)|CODE_UNIT_FINISHED|Aura
01:51:29.50 (51591354)|EXECUTION_FINISHED
01:51:29.52 (52176632)|USER_INFO|[EXTERNAL]|00528000001JBjQ|ramu.veligeti@yahoo.co.in|Pacific Standard Time|GMT-07:00
01:51:29.52 (52187412)|EXECUTION_STARTED
01:51:29.52 (52189308)|CODE_UNIT_STARTED|[EXTERNAL]|Aura
01:51:29.52 (52213812)|CODE_UNIT_FINISHED|Aura
01:51:29.52 (52810794)|EXECUTION_FINISHED
01:51:29.53 (53371406)|USER_INFO|[EXTERNAL]|00528000001JBjQ|ramu.veligeti@yahoo.co.in|Pacific Standard Time|GMT-07:00
01:51:29.53 (53381856)|EXECUTION_STARTED
01:51:29.53 (53383531)|CODE_UNIT_STARTED|[EXTERNAL]|Aura
01:51:29.53 (53405916)|CODE_UNIT_FINISHED|Aura
01:51:29.53 (53996607)|EXECUTION_FINISHED
01:51:29.54 (54566375)|USER_INFO|[EXTERNAL]|00528000001JBjQ|ramu.veligeti@yahoo.co.in|Pacific Standard Time|GMT-07:00
01:51:29.54 (54576414)|EXECUTION_STARTED
01:51:29.54 (54577900)|CODE_UNIT_STARTED|[EXTERNAL]|Aura
01:51:29.54 (54602430)|CODE_UNIT_FINISHED|Aura
01:51:29.54 (55188638)|EXECUTION_FINISHED
