40.0 APEX_CODE,FINEST;APEX_PROFILING,INFO;CALLOUT,INFO;DB,INFO;SYSTEM,DEBUG;VALIDATION,INFO;VISUALFORCE,INFO;WAVE,INFO;WORKFLOW,INFO
01:51:29.0 (58406)|USER_INFO|[EXTERNAL]|00528000001JBjQ|ramu.veligeti@yahoo.co.in|Pacific Standard Time|GMT-07:00
01:51:29.0 (89442)|EXECUTION_STARTED
01:51:29.0 (93560)|CODE_UNIT_STARTED|[EXTERNAL]|aura
01:51:29.0 (356066)|HEAP_ALLOCATE|[72]|Bytes:3
01:51:29.0 (393327)|HEAP_ALLOCATE|[77]|Bytes:152
01:51:29.0 (408127)|HEAP_ALLOCATE|[342]|Bytes:408
01:51:29.0 (429717)|HEAP_ALLOCATE|[355]|Bytes:408
01:51:29.0 (446243)|HEAP_ALLOCATE|[467]|Bytes:48
01:51:29.0 (471732)|HEAP_ALLOCATE|[139]|Bytes:6
01:51:29.0 (485848)|HEAP_ALLOCATE|[EXTERNAL]|Bytes:18
01:51:29.0 (494412)|HEAP_ALLOCATE|[EXTERNAL]|Bytes:4
01:51:29.0 (506572)|CODE_UNIT_FINISHED|aura
01:51:29.0 (1296460)|EXECUTION_FINISHED
01:51:29.2 (2112805)|USER_INFO|[EXTERNAL]|00528000001JBjQ|ramu.veligeti@yahoo.co.in|Pacific Standard Time|GMT-07:00
01:51:29.2 (2125827)|EXECUTION_STARTED
01:51:29.2 (2127953)|CODE_UNIT_STARTED|[EXTERNAL]|aura
01:51:29.2 (2160322)|HEAP_ALLOCATE|[EXTERNAL]|Bytes:7
01:51:29.2 (2167808)|HEAP_ALLOCATE|[EXTERNAL]|Bytes:7
01:51:29.2 (2176174)|CODE_UNIT_FINISHED|aura
01:51:29.2 (3283888)|EXECUTION_FINISHED
01:51:29.4 (4314588)|USER_INFO|[EXTERNAL]|00528000001JBjQ|ramu.veligeti@yahoo.co.in|Pacific Standard Time|GMT-07:00
01:51:29.4 (4325777)|EXECUTION_STARTED
01:51:29.4 (4327550)|CODE_UNIT_STARTED|[EXTERNAL]|01p2800000FELrp|RecentlyViewedRecords.queryCompactLayout
01:51:29.4 (4365408)|VARIABLE_SCOPE_BEGIN|[2]|RecentlyViewedRecords.FIELDSET_NAME|String|false|true
01:51:29.4 (4376025)|VARIABLE_SCOPE_BEGIN|[3]|RecentlyViewedRecords.private_apiFieldNames|Map<String,Set<String>>|true|true
01:51:29.4 (4386915)|VARIABLE_SCOPE_BEGIN|[5]|RecentlyViewedRecords.rvi|Recently_Viewed__c|true|true
01:51:29.4 (4393486)|VARIABLE_SCOPE_BEGIN|[4]|RecentlyViewedRecords.schemaMap|Map<String,Schema.SObjectType>|true|true
01:51:29.4 (4458380)|HEAP_ALLOCATE|[EXTERNAL]|Bytes:35
01:51:29.4 (4465731)|HEAP_ALLOCATE|[EXTERNAL]|Bytes:20
01:51:29.4 (4470142)|HEAP_ALLOCATE|[EXTERNAL]|Bytes:38
01:51:29.4 (4580096)|METHOD_ENTRY|[1]|01p2800000FELrp|RecentlyViewedRecords.RecentlyViewedRecords()
01:51:29.4 (4587531)|STATEMENT_EXECUTE|[1]
01:51:29.4 (4592524)|STATEMENT_EXECUTE|[1]
01:51:29.4 (4593546)|STATEMENT_EXECUTE|[2]
01:51:29.4 (4596812)|HEAP_ALLOCATE|[2]|Bytes:19
01:51:29.4 (4625219)|VARIABLE_ASSIGNMENT|[2]|RecentlyViewedRecords.FIELDSET_NAME|"RecentlyViewedHover"
01:51:29.4 (4630916)|STATEMENT_EXECUTE|[3]
01:51:29.4 (4637481)|HEAP_ALLOCATE|[3]|Bytes:4
01:51:29.4 (4661545)|VARIABLE_ASSIGNMENT|[3]|RecentlyViewedRecords.private_apiFieldNames|{}|0x4211056f
01:51:29.4 (4667464)|STATEMENT_EXECUTE|[4]
01:51:29.4 (4702929)|HEAP_ALLOCATE|[50]|Bytes:5
01:51:29.4 (4724600)|HEAP_ALLOCATE|[56]|Bytes:5
01:51:29.4 (4731698)|HEAP_ALLOCATE|[64]|Bytes:7
01:51:29.4 (18065264)|HEAP_ALLOCATE|[4]|Bytes:1456
01:51:29.4 (18360510)|VARIABLE_ASSIGNMENT|[4]|RecentlyViewedRecords.schemaMap|"{acceptedeventrelation=AcceptedEventRelation, acchierarchy__account_hierarchy__mdt=accHierarchy__Account_Hierarchy__mdt, acchierarchy__account_hierarchy_setup__c=accHierarchy__Account_Hierarchy_Setup__c, account=Account, accountcleaninfo=AccountCleanInfo, accountcontactrole=AccountContactRole, accountfeed=AccountFeed, accounthistory=AccountHistory, accountpartner=AccountPartner, accountshare=AccountShare, ...}"|0x141440c0
01:51:29.4 (18384176)|STATEMENT_EXECUTE|[5]
01:51:29.4 (19226594)|HEAP_ALLOCATE|[5]|Bytes:20
01:51:29.4 (19267502)|VARIABLE_ASSIGNMENT|[5]|RecentlyViewedRecords.rvi|{"IsDeleted":false,"Name":"a0d28000002ZKNz","SetupOwnerId":"00528000001JBjQAAW","Records_to_Display__ (1 more) ...":"20"}|0x281d9651
01:51:29.4 (19275725)|STATEMENT_EXECUTE|[147]
01:51:29.4 (19277273)|STATEMENT_EXECUTE|[167]
01:51:29.4 (19286913)|METHOD_EXIT|[1]|RecentlyViewedRecords
01:51:29.4 (19297317)|HEAP_ALLOCATE|[EXTERNAL]|Bytes:4
01:51:29.4 (19305007)|HEAP_ALLOCATE|[EXTERNAL]|Bytes:7
01:51:29.4 (19310776)|SYSTEM_MODE_ENTER|false
01:51:29.4 (19320654)|VARIABLE_SCOPE_BEGIN|[33]|rvId|Id|false|false
01:51:29.4 (19379852)|VARIABLE_ASSIGNMENT|[33]|rvId|"0012800001ObKpcAAF"
01:51:29.4 (19387625)|VARIABLE_SCOPE_BEGIN|[33]|objName|String|false|false
01:51:29.4 (19395674)|VARIABLE_ASSIGNMENT|[33]|objName|"Account"
01:51:29.4 (19406099)|STATEMENT_EXECUTE|[33]
01:51:29.4 (19407403)|STATEMENT_EXECUTE|[34]
01:51:29.4 (19419484)|HEAP_ALLOCATE|[34]|Bytes:4
01:51:29.4 (19434087)|VARIABLE_SCOPE_BEGIN|[34]|objMap|Map<String,String>|true|false
01:51:29.4 (19449522)|VARIABLE_ASSIGNMENT|[34]|objMap|{}|0x626dc440
01:51:29.4 (19454742)|STATEMENT_EXECUTE|[35]
01:51:29.4 (19587178)|HEAP_ALLOCATE|[35]|Bytes:4
01:51:29.4 (19651649)|VARIABLE_SCOPE_BEGIN|[35]|owList|List<RecentlyViewedRecords.objectWrapper>|true|false
01:51:29.4 (19675589)|HEAP_ALLOCATE|[EXTERNAL]|Bytes:4
01:51:29.4 (19686315)|VARIABLE_ASSIGNMENT|[35]|owList|[]|0x54c98a8d
01:51:29.4 (19692106)|STATEMENT_EXECUTE|[36]
01:51:29.4 (26091150)|HEAP_ALLOCATE|[36]|Bytes:1628
01:51:29.4 (26120770)|VARIABLE_SCOPE_BEGIN|[36]|globalDescribeMap|Map<String,Schema.SObjectType>|true|false
01:51:29.4 (26330950)|VARIABLE_ASSIGNMENT|[36]|globalDescribeMap|"{acceptedeventrelation=AcceptedEventRelation, acchierarchy__account_hierarchy__mdt=accHierarchy__Account_Hierarchy__mdt, acchierarchy__account_hierarchy_setup__c=accHierarchy__Account_Hierarchy_Setup__c, account=Account, accountcleaninfo=AccountCleanInfo, accountcontactrole=AccountContactRole, accountfeed=AccountFeed, accounthistory=AccountHistory, accountpartner=AccountPartner, accountshare=AccountShare, ...}"|0x27c662cb
01:51:29.4 (26346548)|STATEMENT_EXECUTE|[37]
01:51:29.4 (26418453)|VARIABLE_SCOPE_BEGIN|[37]|SObjectTypeObj|Schema.SObjectType|true|false
01:51:29.4 (26472394)|VARIABLE_ASSIGNMENT|[37]|SObjectTypeObj|"common.apex.runtime.impl.ApexSObjectTypeToken@632dc77c"|0x632dc77c
01:51:29.4 (26479735)|STATEMENT_EXECUTE|[38]
01:51:29.4 (26730183)|HEAP_ALLOCATE|[38]|Bytes:4
01:51:29.4 (26757318)|VARIABLE_SCOPE_BEGIN|[38]|describeSObjectResultObj|Schema.DescribeSObjectResult|true|false
01:51:29.4 (26826224)|VARIABLE_ASSIGNMENT|[38]|describeSObjectResultObj|"common.api.soap.wsdl.DescribeSObjectResult@e81ed298"|0x632fc613
01:51:29.4 (26835615)|STATEMENT_EXECUTE|[39]
01:51:29.4 (26841848)|HEAP_ALLOCATE|[39]|Bytes:15
01:51:29.4 (26853817)|HEAP_ALLOCATE|[39]|Bytes:2
01:51:29.4 (26973883)|HEAP_ALLOCATE|[39]|Bytes:369
01:51:29.4 (26998538)|HEAP_ALLOCATE|[39]|Bytes:405
01:51:29.4 (27018765)|USER_DEBUG|[39]|DEBUG|FIELDSET_NAME==RecentlyViewedHover==Schema.DescribeSObjectResult[getHasSubtypes=false;getKeyPrefix=001;getLabel=Account;getLabelPlural=Accounts;getName=Account;isAccessible=true;isCreateable=true;isCustom=false;isCustomSetting=false;isDeletable=true;isDeprecatedAndHidden=false;isFeedEnabled=true;isMergeable=true;isMruEnabled=true;isQueryable=true;isSearchable=true;isUndeletable=true;isUpdateable=true;]
01:51:29.4 (27032815)|STATEMENT_EXECUTE|[40]
01:51:29.4 (28201808)|HEAP_ALLOCATE|[40]|Bytes:8
01:51:29.4 (28319860)|VARIABLE_SCOPE_BEGIN|[40]|fieldSetObj|Schema.FieldSet|true|false
01:51:29.4 (28424188)|VARIABLE_ASSIGNMENT|[40]|fieldSetObj|"common.api.soap.wsdl.FieldSet@73c334de"|0x5d961bf3
01:51:29.4 (28436597)|STATEMENT_EXECUTE|[41]
01:51:29.4 (28441843)|HEAP_ALLOCATE|[41]|Bytes:13
01:51:29.4 (28699516)|HEAP_ALLOCATE|[EXTERNAL]|Bytes:24
01:51:29.4 (29363943)|HEAP_ALLOCATE|[41]|Bytes:777
01:51:29.4 (29400365)|HEAP_ALLOCATE|[41]|Bytes:790
01:51:29.4 (29413773)|USER_DEBUG|[41]|DEBUG|fieldSetObj==Schema.FieldSet[getDescription=test;getFields=(Schema.FieldSetMember[getDbRequired=true;getFieldPath=Name;getLabel=Account Name;getRequired=false;getType=STRING;], Schema.FieldSetMember[getDbRequired=false;getFieldPath=AccountNumber;getLabel=Account Number;getRequired=false;getType=STRING;], Schema.FieldSetMember[getDbRequired=false;getFieldPath=Active__c;getLabel=Active;getRequired=false;getType=PICKLIST;], Schema.FieldSetMember[getDbRequired=false;getFieldPath=CustomerPriority__c;getLabel=Customer Priority;getRequired=false;getType=PICKLIST;], Schema.FieldSetMember[getDbRequired=true;getFieldPath=CreatedDate;getLabel=Created Date;getRequired=false;getType=DATETIME;]);getLabel=RecentlyViewedHover;getName=RecentlyViewedHover;getNameSpace=null;getSObjectType=Account;]
01:51:29.4 (29436968)|STATEMENT_EXECUTE|[42]
01:51:29.4 (29447277)|HEAP_ALLOCATE|[42]|Bytes:4
01:51:29.4 (29474643)|VARIABLE_SCOPE_BEGIN|[42]|fieldApis|List<String>|true|false
01:51:29.4 (29502462)|HEAP_ALLOCATE|[EXTERNAL]|Bytes:4
01:51:29.4 (29514118)|VARIABLE_ASSIGNMENT|[42]|fieldApis|[]|0x19a00709
01:51:29.4 (29520195)|STATEMENT_EXECUTE|[43]
01:51:29.4 (29528761)|HEAP_ALLOCATE|[43]|Bytes:4
01:51:29.4 (29552347)|VARIABLE_SCOPE_BEGIN|[43]|refFieldToIgnore|Set<String>|true|false
01:51:29.4 (29583077)|VARIABLE_ASSIGNMENT|[43]|refFieldToIgnore|[]|0x1bbbebff
01:51:29.4 (29593445)|STATEMENT_EXECUTE|[44]
01:51:29.4 (29602455)|HEAP_ALLOCATE|[44]|Bytes:4
01:51:29.4 (29621387)|VARIABLE_SCOPE_BEGIN|[44]|refMap|Map<String,String>|true|false
01:51:29.4 (29654761)|VARIABLE_ASSIGNMENT|[44]|refMap|{}|0x258d403d
01:51:29.4 (29661193)|STATEMENT_EXECUTE|[45]
01:51:29.4 (29664179)|VARIABLE_SCOPE_BEGIN|[45]|query|String|false|false
01:51:29.4 (29673198)|VARIABLE_ASSIGNMENT|[45]|query|null
01:51:29.4 (29677717)|STATEMENT_EXECUTE|[46]
01:51:29.4 (29728120)|HEAP_ALLOCATE|[47]|Bytes:24
01:51:29.4 (30052609)|HEAP_ALLOCATE|[47]|Bytes:5
01:51:29.4 (30098121)|HEAP_ALLOCATE|[47]|Bytes:24
01:51:29.4 (30121408)|VARIABLE_SCOPE_BEGIN|[47]|fieldSetMemberObj|Schema.FieldSetMember|true|false
01:51:29.4 (30184039)|VARIABLE_ASSIGNMENT|[47]|fieldSetMemberObj|"Name"|0x30fc2988
01:51:29.4 (30196472)|STATEMENT_EXECUTE|[47]
01:51:29.4 (30198118)|STATEMENT_EXECUTE|[48]
01:51:29.4 (30215405)|HEAP_ALLOCATE|[48]|Bytes:4
01:51:29.4 (30249822)|HEAP_ALLOCATE|[48]|Bytes:4
01:51:29.4 (30261213)|VARIABLE_SCOPE_BEGIN|[48]|apiName|String|false|false
01:51:29.4 (30272219)|VARIABLE_ASSIGNMENT|[48]|apiName|"name"
01:51:29.4 (30277690)|STATEMENT_EXECUTE|[49]
01:51:29.4 (30291277)|METHOD_ENTRY|[49]|01p2800000FELrp|RecentlyViewedRecords.findFieldInfo(String, String)
01:51:29.4 (30314053)|VARIABLE_SCOPE_BEGIN|[136]|objName|String|false|false
01:51:29.4 (30331529)|VARIABLE_ASSIGNMENT|[136]|objName|"Account"
01:51:29.4 (30339284)|VARIABLE_SCOPE_BEGIN|[136]|fieldApi|String|false|false
01:51:29.4 (30350598)|VARIABLE_ASSIGNMENT|[136]|fieldApi|"name"
01:51:29.4 (30359698)|STATEMENT_EXECUTE|[136]
01:51:29.4 (30361287)|STATEMENT_EXECUTE|[137]
01:51:29.4 (30397940)|VARIABLE_SCOPE_BEGIN|[137]|leadSchema|Schema.SObjectType|true|false
01:51:29.4 (30452877)|VARIABLE_ASSIGNMENT|[137]|leadSchema|"common.apex.runtime.impl.ApexSObjectTypeToken@632dc77c"|0x632dc77c
01:51:29.4 (30459720)|STATEMENT_EXECUTE|[138]
01:51:29.4 (30489346)|HEAP_ALLOCATE|[138]|Bytes:4
01:51:29.4 (31087240)|HEAP_ALLOCATE|[138]|Bytes:296
01:51:29.4 (31108981)|METHOD_EXIT|[49]|01p2800000FELrp|RecentlyViewedRecords.findFieldInfo(String, String)
01:51:29.4 (31119660)|VARIABLE_SCOPE_BEGIN|[49]|fieldMap1|Map<String,Schema.SObjectField>|true|false
01:51:29.4 (31306020)|VARIABLE_ASSIGNMENT|[49]|fieldMap1|"{acchierarchy__haschildwithchanges__c=accHierarchy__hasChildWithChanges__c, acchierarchy__hierarchy_parents__c=accHierarchy__Hierarchy_Parents__c, acchierarchy__on_previous_hierarchy_level__c=accHierarchy__On_Previous_Hierarchy_Level__c, acchierarchy__topparentid__c=accHierarchy__TopParentId__c, accountnumber=AccountNumber, accountsource=AccountSource, active__c=Active__c, annualrevenue=AnnualRevenue, billingaddress=BillingAddress, billingcity=BillingCity, ...}"|0x358987d6
01:51:29.4 (31321676)|STATEMENT_EXECUTE|[50]
01:51:29.4 (31573479)|HEAP_ALLOCATE|[50]|Bytes:8
01:51:29.4 (31848812)|HEAP_ALLOCATE|[50]|Bytes:12
01:51:29.4 (31876289)|HEAP_ALLOCATE|[50]|Bytes:6
01:51:29.4 (31886485)|VARIABLE_SCOPE_BEGIN|[50]|fType|String|false|false
01:51:29.4 (31900878)|VARIABLE_ASSIGNMENT|[50]|fType|"STRING"
01:51:29.4 (31906659)|HEAP_ALLOCATE|[51]|Bytes:9
01:51:29.4 (31940978)|STATEMENT_EXECUTE|[51]
01:51:29.4 (31942850)|STATEMENT_EXECUTE|[62]
01:51:29.4 (31965293)|HEAP_ALLOCATE|[EXTERNAL]|Bytes:4
01:51:29.4 (31979806)|HEAP_ALLOCATE|[47]|Bytes:5
01:51:29.4 (31990421)|HEAP_ALLOCATE|[47]|Bytes:24
01:51:29.4 (32008550)|VARIABLE_SCOPE_BEGIN|[47]|fieldSetMemberObj|Schema.FieldSetMember|true|false
01:51:29.4 (32069792)|VARIABLE_ASSIGNMENT|[47]|fieldSetMemberObj|"AccountNumber"|0x5bad8ae7
01:51:29.4 (32078144)|STATEMENT_EXECUTE|[47]
01:51:29.4 (32079366)|STATEMENT_EXECUTE|[48]
01:51:29.4 (32084854)|HEAP_ALLOCATE|[48]|Bytes:13
01:51:29.4 (32100109)|HEAP_ALLOCATE|[48]|Bytes:13
01:51:29.4 (32108393)|VARIABLE_SCOPE_BEGIN|[48]|apiName|String|false|false
01:51:29.4 (32117895)|VARIABLE_ASSIGNMENT|[48]|apiName|"accountnumber"
01:51:29.4 (32121966)|STATEMENT_EXECUTE|[49]
01:51:29.4 (32127816)|METHOD_ENTRY|[49]|01p2800000FELrp|RecentlyViewedRecords.findFieldInfo(String, String)
01:51:29.4 (32135271)|VARIABLE_SCOPE_BEGIN|[136]|objName|String|false|false
01:51:29.4 (32142780)|VARIABLE_ASSIGNMENT|[136]|objName|"Account"
01:51:29.4 (32146578)|VARIABLE_SCOPE_BEGIN|[136]|fieldApi|String|false|false
01:51:29.4 (32152350)|VARIABLE_ASSIGNMENT|[136]|fieldApi|"accountnumber"
01:51:29.4 (32157279)|STATEMENT_EXECUTE|[136]
01:51:29.4 (32163323)|STATEMENT_EXECUTE|[137]
01:51:29.4 (32176495)|VARIABLE_SCOPE_BEGIN|[137]|leadSchema|Schema.SObjectType|true|false
01:51:29.4 (32225215)|VARIABLE_ASSIGNMENT|[137]|leadSchema|"common.apex.runtime.impl.ApexSObjectTypeToken@632dc77c"|0x632dc77c
01:51:29.4 (32233704)|STATEMENT_EXECUTE|[138]
01:51:29.4 (32249389)|HEAP_ALLOCATE|[138]|Bytes:4
01:51:29.4 (32462765)|HEAP_ALLOCATE|[138]|Bytes:296
01:51:29.4 (32475386)|METHOD_EXIT|[49]|01p2800000FELrp|RecentlyViewedRecords.findFieldInfo(String, String)
01:51:29.4 (32481862)|VARIABLE_SCOPE_BEGIN|[49]|fieldMap1|Map<String,Schema.SObjectField>|true|false
01:51:29.4 (32624492)|VARIABLE_ASSIGNMENT|[49]|fieldMap1|"{acchierarchy__haschildwithchanges__c=accHierarchy__hasChildWithChanges__c, acchierarchy__hierarchy_parents__c=accHierarchy__Hierarchy_Parents__c, acchierarchy__on_previous_hierarchy_level__c=accHierarchy__On_Previous_Hierarchy_Level__c, acchierarchy__topparentid__c=accHierarchy__TopParentId__c, accountnumber=AccountNumber, accountsource=AccountSource, active__c=Active__c, annualrevenue=AnnualRevenue, billingaddress=BillingAddress, billingcity=BillingCity, ...}"|0x22630173
01:51:29.4 (32638413)|STATEMENT_EXECUTE|[50]
01:51:29.4 (32903635)|HEAP_ALLOCATE|[50]|Bytes:8
01:51:29.4 (32940106)|HEAP_ALLOCATE|[50]|Bytes:12
01:51:29.4 (32963164)|HEAP_ALLOCATE|[50]|Bytes:6
01:51:29.4 (32973170)|VARIABLE_SCOPE_BEGIN|[50]|fType|String|false|false
01:51:29.4 (32984848)|VARIABLE_ASSIGNMENT|[50]|fType|"STRING"
01:51:29.4 (33000774)|STATEMENT_EXECUTE|[51]
01:51:29.4 (33003020)|STATEMENT_EXECUTE|[62]
01:51:29.4 (33008853)|HEAP_ALLOCATE|[EXTERNAL]|Bytes:4
01:51:29.4 (33023555)|HEAP_ALLOCATE|[47]|Bytes:5
01:51:29.4 (33034216)|HEAP_ALLOCATE|[47]|Bytes:24
01:51:29.4 (33054509)|VARIABLE_SCOPE_BEGIN|[47]|fieldSetMemberObj|Schema.FieldSetMember|true|false
01:51:29.4 (33109578)|VARIABLE_ASSIGNMENT|[47]|fieldSetMemberObj|"Active__c"|0x6601351c
01:51:29.4 (33117472)|STATEMENT_EXECUTE|[47]
01:51:29.4 (33118701)|STATEMENT_EXECUTE|[48]
01:51:29.4 (33123516)|HEAP_ALLOCATE|[48]|Bytes:9
01:51:29.4 (33138084)|HEAP_ALLOCATE|[48]|Bytes:9
01:51:29.4 (33145813)|VARIABLE_SCOPE_BEGIN|[48]|apiName|String|false|false
01:51:29.4 (33155016)|VARIABLE_ASSIGNMENT|[48]|apiName|"active__c"
01:51:29.4 (33158858)|STATEMENT_EXECUTE|[49]
01:51:29.4 (33164283)|METHOD_ENTRY|[49]|01p2800000FELrp|RecentlyViewedRecords.findFieldInfo(String, String)
01:51:29.4 (33169365)|VARIABLE_SCOPE_BEGIN|[136]|objName|String|false|false
01:51:29.4 (33176559)|VARIABLE_ASSIGNMENT|[136]|objName|"Account"
01:51:29.4 (33179753)|VARIABLE_SCOPE_BEGIN|[136]|fieldApi|String|false|false
01:51:29.4 (33185264)|VARIABLE_ASSIGNMENT|[136]|fieldApi|"active__c"
01:51:29.4 (33189203)|STATEMENT_EXECUTE|[136]
01:51:29.4 (33190306)|STATEMENT_EXECUTE|[137]
01:51:29.4 (33203505)|VARIABLE_SCOPE_BEGIN|[137]|leadSchema|Schema.SObjectType|true|false
01:51:29.4 (33250179)|VARIABLE_ASSIGNMENT|[137]|leadSchema|"common.apex.runtime.impl.ApexSObjectTypeToken@632dc77c"|0x632dc77c
01:51:29.4 (33256780)|STATEMENT_EXECUTE|[138]
01:51:29.4 (33271767)|HEAP_ALLOCATE|[138]|Bytes:4
01:51:29.4 (33464803)|HEAP_ALLOCATE|[138]|Bytes:296
01:51:29.4 (33476351)|METHOD_EXIT|[49]|01p2800000FELrp|RecentlyViewedRecords.findFieldInfo(String, String)
01:51:29.4 (33482778)|VARIABLE_SCOPE_BEGIN|[49]|fieldMap1|Map<String,Schema.SObjectField>|true|false
01:51:29.4 (33617084)|VARIABLE_ASSIGNMENT|[49]|fieldMap1|"{acchierarchy__haschildwithchanges__c=accHierarchy__hasChildWithChanges__c, acchierarchy__hierarchy_parents__c=accHierarchy__Hierarchy_Parents__c, acchierarchy__on_previous_hierarchy_level__c=accHierarchy__On_Previous_Hierarchy_Level__c, acchierarchy__topparentid__c=accHierarchy__TopParentId__c, accountnumber=AccountNumber, accountsource=AccountSource, active__c=Active__c, annualrevenue=AnnualRevenue, billingaddress=BillingAddress, billingcity=BillingCity, ...}"|0x5c53c836
01:51:29.4 (33631283)|STATEMENT_EXECUTE|[50]
01:51:29.4 (33755722)|HEAP_ALLOCATE|[50]|Bytes:8
01:51:29.4 (33789413)|HEAP_ALLOCATE|[50]|Bytes:12
01:51:29.4 (33813388)|HEAP_ALLOCATE|[50]|Bytes:8
01:51:29.4 (33828126)|VARIABLE_SCOPE_BEGIN|[50]|fType|String|false|false
01:51:29.4 (33843754)|VARIABLE_ASSIGNMENT|[50]|fType|"PICKLIST"
01:51:29.4 (33876506)|STATEMENT_EXECUTE|[51]
01:51:29.4 (33879009)|STATEMENT_EXECUTE|[62]
01:51:29.4 (33886958)|HEAP_ALLOCATE|[EXTERNAL]|Bytes:4
01:51:29.4 (33905056)|HEAP_ALLOCATE|[47]|Bytes:5
01:51:29.4 (33929394)|HEAP_ALLOCATE|[47]|Bytes:24
01:51:29.4 (33952344)|VARIABLE_SCOPE_BEGIN|[47]|fieldSetMemberObj|Schema.FieldSetMember|true|false
01:51:29.4 (34011172)|VARIABLE_ASSIGNMENT|[47]|fieldSetMemberObj|"CustomerPriority__c"|0x57b534a5
01:51:29.4 (34020028)|STATEMENT_EXECUTE|[47]
01:51:29.4 (34021270)|STATEMENT_EXECUTE|[48]
01:51:29.4 (34026331)|HEAP_ALLOCATE|[48]|Bytes:19
01:51:29.4 (34042497)|HEAP_ALLOCATE|[48]|Bytes:19
01:51:29.4 (34050797)|VARIABLE_SCOPE_BEGIN|[48]|apiName|String|false|false
01:51:29.4 (34060754)|VARIABLE_ASSIGNMENT|[48]|apiName|"customerpriority__c"
01:51:29.4 (34064717)|STATEMENT_EXECUTE|[49]
01:51:29.4 (34070327)|METHOD_ENTRY|[49]|01p2800000FELrp|RecentlyViewedRecords.findFieldInfo(String, String)
01:51:29.4 (34076278)|VARIABLE_SCOPE_BEGIN|[136]|objName|String|false|false
01:51:29.4 (34083580)|VARIABLE_ASSIGNMENT|[136]|objName|"Account"
01:51:29.4 (34087054)|VARIABLE_SCOPE_BEGIN|[136]|fieldApi|String|false|false
01:51:29.4 (34093279)|VARIABLE_ASSIGNMENT|[136]|fieldApi|"customerpriority__c"
01:51:29.4 (34097685)|STATEMENT_EXECUTE|[136]
01:51:29.4 (34098813)|STATEMENT_EXECUTE|[137]
01:51:29.4 (34111575)|VARIABLE_SCOPE_BEGIN|[137]|leadSchema|Schema.SObjectType|true|false
01:51:29.4 (34158372)|VARIABLE_ASSIGNMENT|[137]|leadSchema|"common.apex.runtime.impl.ApexSObjectTypeToken@632dc77c"|0x632dc77c
01:51:29.4 (34165572)|STATEMENT_EXECUTE|[138]
01:51:29.4 (34180453)|HEAP_ALLOCATE|[138]|Bytes:4
01:51:29.4 (34370072)|HEAP_ALLOCATE|[138]|Bytes:296
01:51:29.4 (34382712)|METHOD_EXIT|[49]|01p2800000FELrp|RecentlyViewedRecords.findFieldInfo(String, String)
01:51:29.4 (34388866)|VARIABLE_SCOPE_BEGIN|[49]|fieldMap1|Map<String,Schema.SObjectField>|true|false
01:51:29.4 (34523581)|VARIABLE_ASSIGNMENT|[49]|fieldMap1|"{acchierarchy__haschildwithchanges__c=accHierarchy__hasChildWithChanges__c, acchierarchy__hierarchy_parents__c=accHierarchy__Hierarchy_Parents__c, acchierarchy__on_previous_hierarchy_level__c=accHierarchy__On_Previous_Hierarchy_Level__c, acchierarchy__topparentid__c=accHierarchy__TopParentId__c, accountnumber=AccountNumber, accountsource=AccountSource, active__c=Active__c, annualrevenue=AnnualRevenue, billingaddress=BillingAddress, billingcity=BillingCity, ...}"|0x1565441d
01:51:29.4 (34537978)|STATEMENT_EXECUTE|[50]
01:51:29.4 (34655233)|HEAP_ALLOCATE|[50]|Bytes:8
01:51:29.4 (34689420)|HEAP_ALLOCATE|[50]|Bytes:12
01:51:29.4 (34710891)|HEAP_ALLOCATE|[50]|Bytes:8
01:51:29.4 (34720389)|VARIABLE_SCOPE_BEGIN|[50]|fType|String|false|false
01:51:29.4 (34731559)|VARIABLE_ASSIGNMENT|[50]|fType|"PICKLIST"
01:51:29.4 (34748349)|STATEMENT_EXECUTE|[51]
01:51:29.4 (34750342)|STATEMENT_EXECUTE|[62]
01:51:29.4 (34756571)|HEAP_ALLOCATE|[EXTERNAL]|Bytes:4
01:51:29.4 (34768924)|HEAP_ALLOCATE|[47]|Bytes:5
01:51:29.4 (34807326)|HEAP_ALLOCATE|[47]|Bytes:24
01:51:29.4 (34832898)|VARIABLE_SCOPE_BEGIN|[47]|fieldSetMemberObj|Schema.FieldSetMember|true|false
01:51:29.4 (34915225)|VARIABLE_ASSIGNMENT|[47]|fieldSetMemberObj|"CreatedDate"|0x75de1c05
01:51:29.4 (34923650)|STATEMENT_EXECUTE|[47]
01:51:29.4 (34924765)|STATEMENT_EXECUTE|[48]
01:51:29.4 (34930076)|HEAP_ALLOCATE|[48]|Bytes:11
01:51:29.4 (34947163)|HEAP_ALLOCATE|[48]|Bytes:11
01:51:29.4 (34955996)|VARIABLE_SCOPE_BEGIN|[48]|apiName|String|false|false
01:51:29.4 (34965323)|VARIABLE_ASSIGNMENT|[48]|apiName|"createddate"
01:51:29.4 (34973855)|STATEMENT_EXECUTE|[49]
01:51:29.4 (34979844)|METHOD_ENTRY|[49]|01p2800000FELrp|RecentlyViewedRecords.findFieldInfo(String, String)
01:51:29.4 (34986293)|VARIABLE_SCOPE_BEGIN|[136]|objName|String|false|false
01:51:29.4 (34994063)|VARIABLE_ASSIGNMENT|[136]|objName|"Account"
01:51:29.4 (34997946)|VARIABLE_SCOPE_BEGIN|[136]|fieldApi|String|false|false
01:51:29.4 (35003871)|VARIABLE_ASSIGNMENT|[136]|fieldApi|"createddate"
01:51:29.4 (35009325)|STATEMENT_EXECUTE|[136]
01:51:29.4 (35012824)|STATEMENT_EXECUTE|[137]
01:51:29.4 (35026911)|VARIABLE_SCOPE_BEGIN|[137]|leadSchema|Schema.SObjectType|true|false
01:51:29.4 (35097763)|VARIABLE_ASSIGNMENT|[137]|leadSchema|"common.apex.runtime.impl.ApexSObjectTypeToken@632dc77c"|0x632dc77c
01:51:29.4 (35108616)|STATEMENT_EXECUTE|[138]
01:51:29.4 (35127014)|HEAP_ALLOCATE|[138]|Bytes:4
01:51:29.4 (35370349)|HEAP_ALLOCATE|[138]|Bytes:296
01:51:29.4 (35382967)|METHOD_EXIT|[49]|01p2800000FELrp|RecentlyViewedRecords.findFieldInfo(String, String)
01:51:29.4 (35389414)|VARIABLE_SCOPE_BEGIN|[49]|fieldMap1|Map<String,Schema.SObjectField>|true|false
01:51:29.4 (35538134)|VARIABLE_ASSIGNMENT|[49]|fieldMap1|"{acchierarchy__haschildwithchanges__c=accHierarchy__hasChildWithChanges__c, acchierarchy__hierarchy_parents__c=accHierarchy__Hierarchy_Parents__c, acchierarchy__on_previous_hierarchy_level__c=accHierarchy__On_Previous_Hierarchy_Level__c, acchierarchy__topparentid__c=accHierarchy__TopParentId__c, accountnumber=AccountNumber, accountsource=AccountSource, active__c=Active__c, annualrevenue=AnnualRevenue, billingaddress=BillingAddress, billingcity=BillingCity, ...}"|0x4aa4fb0f
01:51:29.4 (35564933)|STATEMENT_EXECUTE|[50]
01:51:29.4 (35708122)|HEAP_ALLOCATE|[50]|Bytes:8
01:51:29.4 (35736753)|HEAP_ALLOCATE|[50]|Bytes:12
01:51:29.4 (35758503)|HEAP_ALLOCATE|[50]|Bytes:8
01:51:29.4 (35768657)|VARIABLE_SCOPE_BEGIN|[50]|fType|String|false|false
01:51:29.4 (35782818)|VARIABLE_ASSIGNMENT|[50]|fType|"DATETIME"
01:51:29.4 (35807405)|STATEMENT_EXECUTE|[51]
01:51:29.4 (35814329)|STATEMENT_EXECUTE|[62]
01:51:29.4 (35820289)|HEAP_ALLOCATE|[EXTERNAL]|Bytes:4
01:51:29.4 (35833578)|HEAP_ALLOCATE|[47]|Bytes:5
01:51:29.4 (35845090)|VARIABLE_ASSIGNMENT|[47]|fieldSetMemberObj|null|
01:51:29.4 (35853819)|STATEMENT_EXECUTE|[65]
01:51:29.4 (35856545)|HEAP_ALLOCATE|[65]|Bytes:11
01:51:29.4 (35860672)|HEAP_ALLOCATE|[65]|Bytes:1
01:51:29.4 (35909284)|HEAP_ALLOCATE|[65]|Bytes:5
01:51:29.4 (35915583)|HEAP_ALLOCATE|[65]|Bytes:4
01:51:29.4 (35920224)|HEAP_ALLOCATE|[65]|Bytes:5
01:51:29.4 (35923632)|HEAP_ALLOCATE|[65]|Bytes:13
01:51:29.4 (35927037)|HEAP_ALLOCATE|[65]|Bytes:5
01:51:29.4 (35930522)|HEAP_ALLOCATE|[65]|Bytes:9
01:51:29.4 (35933511)|HEAP_ALLOCATE|[65]|Bytes:5
01:51:29.4 (35936911)|HEAP_ALLOCATE|[65]|Bytes:19
01:51:29.4 (35940006)|HEAP_ALLOCATE|[65]|Bytes:5
01:51:29.4 (35943897)|HEAP_ALLOCATE|[65]|Bytes:11
01:51:29.4 (35946919)|HEAP_ALLOCATE|[65]|Bytes:5
01:51:29.4 (35952945)|HEAP_ALLOCATE|[65]|Bytes:60
01:51:29.4 (35962676)|HEAP_ALLOCATE|[65]|Bytes:6
01:51:29.4 (35967011)|HEAP_ALLOCATE|[65]|Bytes:13
01:51:29.4 (35976758)|HEAP_ALLOCATE|[65]|Bytes:18
01:51:29.4 (35988628)|HEAP_ALLOCATE|[65]|Bytes:115
01:51:29.4 (35992483)|HEAP_ALLOCATE|[65]|Bytes:1
01:51:29.4 (35997628)|HEAP_ALLOCATE|[65]|Bytes:116
01:51:29.4 (36005912)|VARIABLE_ASSIGNMENT|[65]|query|"Select Id, name,acco (96 more) ..."
01:51:29.4 (36011423)|STATEMENT_EXECUTE|[85]
01:51:29.4 (36013618)|HEAP_ALLOCATE|[85]|Bytes:7
01:51:29.4 (36018561)|HEAP_ALLOCATE|[85]|Bytes:123
01:51:29.4 (36039007)|USER_DEBUG|[85]|DEBUG|query==Select Id, name,accountnumber,active__c,customerpriority__c,createddate from Account where Id = '0012800001ObKpcAAF'
01:51:29.4 (36048800)|STATEMENT_EXECUTE|[86]
01:51:29.4 (36255590)|SOQL_EXECUTE_BEGIN|[86]|Aggregations:0|Select Id, name,accountnumber,active__c,customerpriority__c,createddate from Account where Id = '0012800001ObKpcAAF'
01:51:29.4 (38381654)|SOQL_EXECUTE_END|[86]|Rows:1
01:51:29.4 (38399334)|HEAP_ALLOCATE|[86]|Bytes:8
01:51:29.4 (38415614)|HEAP_ALLOCATE|[86]|Bytes:63
01:51:29.4 (38472615)|HEAP_ALLOCATE|[86]|Bytes:8
01:51:29.4 (38487116)|HEAP_ALLOCATE|[86]|Bytes:33
01:51:29.4 (38545610)|HEAP_ALLOCATE|[86]|Bytes:16
01:51:29.4 (38555371)|VARIABLE_SCOPE_BEGIN|[86]|so|SObject|true|false
01:51:29.4 (38592344)|VARIABLE_ASSIGNMENT|[86]|so|{"Id":"0012800001ObKpcAAF","Name":"event 1","CreatedDate":"2017-07-04T08:56:59.000Z"}|0x6ec88d1c
01:51:29.4 (38599487)|STATEMENT_EXECUTE|[87]
01:51:29.4 (38602339)|HEAP_ALLOCATE|[87]|Bytes:4
01:51:29.4 (38667440)|HEAP_ALLOCATE|[87]|Bytes:78
01:51:29.4 (38684865)|HEAP_ALLOCATE|[87]|Bytes:82
01:51:29.4 (38695477)|USER_DEBUG|[87]|DEBUG|so==Account:{Id=0012800001ObKpcAAF, Name=event 1, CreatedDate=2017-07-04 08:56:59}
01:51:29.4 (38739493)|HEAP_ALLOCATE|[88]|Bytes:5
01:51:29.4 (38749656)|HEAP_ALLOCATE|[88]|Bytes:4
01:51:29.4 (38756852)|VARIABLE_SCOPE_BEGIN|[88]|st|String|false|false
01:51:29.4 (38768069)|VARIABLE_ASSIGNMENT|[88]|st|"name"
01:51:29.4 (38778231)|STATEMENT_EXECUTE|[88]
01:51:29.4 (38806506)|STATEMENT_EXECUTE|[89]
01:51:29.4 (38808011)|STATEMENT_EXECUTE|[90]
01:51:29.4 (38813975)|METHOD_ENTRY|[90]|01p2800000FELrp|RecentlyViewedRecords.findFieldInfo(String, String)
01:51:29.4 (38827481)|VARIABLE_SCOPE_BEGIN|[136]|objName|String|false|false
01:51:29.4 (38840050)|VARIABLE_ASSIGNMENT|[136]|objName|"Account"
01:51:29.4 (38844115)|VARIABLE_SCOPE_BEGIN|[136]|fieldApi|String|false|false
01:51:29.4 (38852482)|VARIABLE_ASSIGNMENT|[136]|fieldApi|"name"
01:51:29.4 (38857741)|STATEMENT_EXECUTE|[136]
01:51:29.4 (38858804)|STATEMENT_EXECUTE|[137]
01:51:29.4 (38873664)|VARIABLE_SCOPE_BEGIN|[137]|leadSchema|Schema.SObjectType|true|false
01:51:29.4 (38932292)|VARIABLE_ASSIGNMENT|[137]|leadSchema|"common.apex.runtime.impl.ApexSObjectTypeToken@632dc77c"|0x632dc77c
01:51:29.4 (38939380)|STATEMENT_EXECUTE|[138]
01:51:29.4 (38957349)|HEAP_ALLOCATE|[138]|Bytes:4
01:51:29.4 (39185852)|HEAP_ALLOCATE|[138]|Bytes:296
01:51:29.4 (39204617)|METHOD_EXIT|[90]|01p2800000FELrp|RecentlyViewedRecords.findFieldInfo(String, String)
01:51:29.4 (39214829)|VARIABLE_SCOPE_BEGIN|[90]|fieldMap|Map<String,Schema.SObjectField>|true|false
01:51:29.4 (39350355)|VARIABLE_ASSIGNMENT|[90]|fieldMap|"{acchierarchy__haschildwithchanges__c=accHierarchy__hasChildWithChanges__c, acchierarchy__hierarchy_parents__c=accHierarchy__Hierarchy_Parents__c, acchierarchy__on_previous_hierarchy_level__c=accHierarchy__On_Previous_Hierarchy_Level__c, acchierarchy__topparentid__c=accHierarchy__TopParentId__c, accountnumber=AccountNumber, accountsource=AccountSource, active__c=Active__c, annualrevenue=AnnualRevenue, billingaddress=BillingAddress, billingcity=BillingCity, ...}"|0x2634eebf
01:51:29.4 (39365253)|STATEMENT_EXECUTE|[91]
01:51:29.4 (39379373)|HEAP_ALLOCATE|[91]|Bytes:180
01:51:29.4 (39386397)|HEAP_ALLOCATE|[91]|Bytes:23
01:51:29.4 (39423678)|HEAP_ALLOCATE|[91]|Bytes:28
01:51:29.4 (39442293)|CONSTRUCTOR_ENTRY|[91]|01p2800000FELrp|<init>()
01:51:29.4 (39459061)|VARIABLE_SCOPE_BEGIN|[167]|this|RecentlyViewedRecords.objectWrapper|true|false
01:51:29.4 (39497950)|VARIABLE_ASSIGNMENT|[167]|this|{}|0x4acee54f
01:51:29.4 (39509135)|HEAP_ALLOCATE|[EXTERNAL]|Bytes:6
01:51:29.4 (39533923)|STATEMENT_EXECUTE|[167]
01:51:29.4 (39535444)|STATEMENT_EXECUTE|[169]
01:51:29.4 (39536629)|STATEMENT_EXECUTE|[171]
01:51:29.4 (39537513)|STATEMENT_EXECUTE|[173]
01:51:29.4 (39538856)|STATEMENT_EXECUTE|[175]
01:51:29.4 (39539883)|STATEMENT_EXECUTE|[177]
01:51:29.4 (39540743)|STATEMENT_EXECUTE|[179]
01:51:29.4 (39543950)|CONSTRUCTOR_EXIT|[91]|01p2800000FELrp|<init>()
01:51:29.4 (39549303)|VARIABLE_SCOPE_BEGIN|[91]|ow|RecentlyViewedRecords.objectWrapper|true|false
01:51:29.4 (39566075)|VARIABLE_ASSIGNMENT|[91]|ow|{}|0x4acee54f
01:51:29.4 (39571467)|STATEMENT_EXECUTE|[92]
01:51:29.4 (39641601)|HEAP_ALLOCATE|[92]|Bytes:8
01:51:29.4 (39660095)|HEAP_ALLOCATE|[92]|Bytes:12
01:51:29.4 (39691140)|VARIABLE_ASSIGNMENT|[EXTERNAL]|this|{}|0x4acee54f
01:51:29.4 (39701270)|VARIABLE_ASSIGNMENT|[EXTERNAL]|value|"Account Name"
01:51:29.4 (39711921)|VARIABLE_ASSIGNMENT|[169]|this.label|"Account Name"|0x4acee54f
01:51:29.4 (39720741)|STATEMENT_EXECUTE|[93]
01:51:29.4 (39769842)|HEAP_ALLOCATE|[93]|Bytes:7
01:51:29.4 (39792755)|HEAP_ALLOCATE|[93]|Bytes:7
01:51:29.4 (39819006)|VARIABLE_ASSIGNMENT|[EXTERNAL]|this|{"label":"Account Name"}|0x4acee54f
01:51:29.4 (39826727)|VARIABLE_ASSIGNMENT|[EXTERNAL]|value|"event 1"
01:51:29.4 (39834947)|VARIABLE_ASSIGNMENT|[171]|this.value|"event 1"|0x4acee54f
01:51:29.4 (39842288)|STATEMENT_EXECUTE|[94]
01:51:29.4 (39885168)|VARIABLE_ASSIGNMENT|[EXTERNAL]|this|{"label":"Account Name","value":"event 1"}|0x4acee54f
01:51:29.4 (39892994)|VARIABLE_ASSIGNMENT|[EXTERNAL]|value|null
01:51:29.4 (39899773)|VARIABLE_ASSIGNMENT|[173]|this.refName|null|0x4acee54f
01:51:29.4 (39907124)|STATEMENT_EXECUTE|[95]
01:51:29.4 (39927991)|VARIABLE_ASSIGNMENT|[EXTERNAL]|this|{"label":"Account Name","value":"event 1"}|0x4acee54f
01:51:29.4 (39935281)|VARIABLE_ASSIGNMENT|[EXTERNAL]|value|"name"
01:51:29.4 (39941597)|VARIABLE_ASSIGNMENT|[175]|this.api|"name"|0x4acee54f
01:51:29.4 (39949097)|STATEMENT_EXECUTE|[96]
01:51:29.4 (39992023)|HEAP_ALLOCATE|[96]|Bytes:8
01:51:29.4 (40021973)|HEAP_ALLOCATE|[96]|Bytes:12
01:51:29.4 (40040665)|HEAP_ALLOCATE|[96]|Bytes:6
01:51:29.4 (40068287)|VARIABLE_ASSIGNMENT|[EXTERNAL]|this|{"api":"name","label":"Account Name","value":"event 1"}|0x4acee54f
01:51:29.4 (40078018)|VARIABLE_ASSIGNMENT|[EXTERNAL]|value|"STRING"
01:51:29.4 (40085713)|VARIABLE_ASSIGNMENT|[177]|this.type|"STRING"|0x4acee54f
01:51:29.4 (40093190)|STATEMENT_EXECUTE|[98]
01:51:29.4 (40095872)|HEAP_ALLOCATE|[98]|Bytes:4
01:51:29.4 (40131975)|HEAP_ALLOCATE|[98]|Bytes:100
01:51:29.4 (40143076)|HEAP_ALLOCATE|[98]|Bytes:104
01:51:29.4 (40152524)|USER_DEBUG|[98]|DEBUG|ow==objectWrapper:[api=name, iconUrl=null, label=Account Name, refName=null, type=STRING, value=event 1]
01:51:29.4 (40164467)|STATEMENT_EXECUTE|[99]
01:51:29.4 (40184602)|HEAP_ALLOCATE|[EXTERNAL]|Bytes:4
01:51:29.4 (40199295)|HEAP_ALLOCATE|[88]|Bytes:5
01:51:29.4 (40207991)|HEAP_ALLOCATE|[88]|Bytes:13
01:51:29.4 (40214201)|VARIABLE_SCOPE_BEGIN|[88]|st|String|false|false
01:51:29.4 (40223476)|VARIABLE_ASSIGNMENT|[88]|st|"accountnumber"
01:51:29.4 (40227851)|STATEMENT_EXECUTE|[88]
01:51:29.4 (40235368)|STATEMENT_EXECUTE|[89]
01:51:29.4 (40236336)|STATEMENT_EXECUTE|[90]
01:51:29.4 (40240866)|METHOD_ENTRY|[90]|01p2800000FELrp|RecentlyViewedRecords.findFieldInfo(String, String)
01:51:29.4 (40253483)|VARIABLE_SCOPE_BEGIN|[136]|objName|String|false|false
01:51:29.4 (40263183)|VARIABLE_ASSIGNMENT|[136]|objName|"Account"
01:51:29.4 (40268492)|VARIABLE_SCOPE_BEGIN|[136]|fieldApi|String|false|false
01:51:29.4 (40276984)|VARIABLE_ASSIGNMENT|[136]|fieldApi|"accountnumber"
01:51:29.4 (40282757)|STATEMENT_EXECUTE|[136]
01:51:29.4 (40283994)|STATEMENT_EXECUTE|[137]
01:51:29.4 (40295858)|VARIABLE_SCOPE_BEGIN|[137]|leadSchema|Schema.SObjectType|true|false
01:51:29.4 (40353589)|VARIABLE_ASSIGNMENT|[137]|leadSchema|"common.apex.runtime.impl.ApexSObjectTypeToken@632dc77c"|0x632dc77c
01:51:29.4 (40360348)|STATEMENT_EXECUTE|[138]
01:51:29.4 (40376653)|HEAP_ALLOCATE|[138]|Bytes:4
01:51:29.4 (40580793)|HEAP_ALLOCATE|[138]|Bytes:296
01:51:29.4 (40592622)|METHOD_EXIT|[90]|01p2800000FELrp|RecentlyViewedRecords.findFieldInfo(String, String)
01:51:29.4 (40600356)|VARIABLE_SCOPE_BEGIN|[90]|fieldMap|Map<String,Schema.SObjectField>|true|false
01:51:29.4 (40737443)|VARIABLE_ASSIGNMENT|[90]|fieldMap|"{acchierarchy__haschildwithchanges__c=accHierarchy__hasChildWithChanges__c, acchierarchy__hierarchy_parents__c=accHierarchy__Hierarchy_Parents__c, acchierarchy__on_previous_hierarchy_level__c=accHierarchy__On_Previous_Hierarchy_Level__c, acchierarchy__topparentid__c=accHierarchy__TopParentId__c, accountnumber=AccountNumber, accountsource=AccountSource, active__c=Active__c, annualrevenue=AnnualRevenue, billingaddress=BillingAddress, billingcity=BillingCity, ...}"|0x3722ee29
01:51:29.4 (40753652)|STATEMENT_EXECUTE|[91]
01:51:29.4 (40758650)|HEAP_ALLOCATE|[91]|Bytes:28
01:51:29.4 (40767245)|CONSTRUCTOR_ENTRY|[91]|01p2800000FELrp|<init>()
01:51:29.4 (40777541)|VARIABLE_SCOPE_BEGIN|[167]|this|RecentlyViewedRecords.objectWrapper|true|false
01:51:29.4 (40802752)|VARIABLE_ASSIGNMENT|[167]|this|{}|0xafb911f
01:51:29.4 (40817634)|STATEMENT_EXECUTE|[167]
01:51:29.4 (40818826)|STATEMENT_EXECUTE|[169]
01:51:29.4 (40819769)|STATEMENT_EXECUTE|[171]
01:51:29.4 (40820571)|STATEMENT_EXECUTE|[173]
01:51:29.4 (40821407)|STATEMENT_EXECUTE|[175]
01:51:29.4 (40822203)|STATEMENT_EXECUTE|[177]
01:51:29.4 (40823004)|STATEMENT_EXECUTE|[179]
01:51:29.4 (40825364)|CONSTRUCTOR_EXIT|[91]|01p2800000FELrp|<init>()
01:51:29.4 (40832164)|VARIABLE_SCOPE_BEGIN|[91]|ow|RecentlyViewedRecords.objectWrapper|true|false
01:51:29.4 (40848046)|VARIABLE_ASSIGNMENT|[91]|ow|{}|0xafb911f
01:51:29.4 (40853617)|STATEMENT_EXECUTE|[92]
01:51:29.4 (40889799)|HEAP_ALLOCATE|[92]|Bytes:8
01:51:29.4 (40900666)|HEAP_ALLOCATE|[92]|Bytes:14
01:51:29.4 (40918597)|VARIABLE_ASSIGNMENT|[EXTERNAL]|this|{}|0xafb911f
01:51:29.4 (40926896)|VARIABLE_ASSIGNMENT|[EXTERNAL]|value|"Account Number"
01:51:29.4 (40934937)|VARIABLE_ASSIGNMENT|[169]|this.label|"Account Number"|0xafb911f
01:51:29.4 (40945344)|STATEMENT_EXECUTE|[93]
01:51:29.4 (40996110)|VARIABLE_ASSIGNMENT|[EXTERNAL]|this|{"label":"Account Number"}|0xafb911f
01:51:29.4 (41003891)|VARIABLE_ASSIGNMENT|[EXTERNAL]|value|null
01:51:29.4 (41011205)|VARIABLE_ASSIGNMENT|[171]|this.value|null|0xafb911f
01:51:29.4 (41018806)|STATEMENT_EXECUTE|[94]
01:51:29.4 (41038858)|VARIABLE_ASSIGNMENT|[EXTERNAL]|this|{"label":"Account Number"}|0xafb911f
01:51:29.4 (41045669)|VARIABLE_ASSIGNMENT|[EXTERNAL]|value|null
01:51:29.4 (41051234)|VARIABLE_ASSIGNMENT|[173]|this.refName|null|0xafb911f
01:51:29.4 (41058292)|STATEMENT_EXECUTE|[95]
01:51:29.4 (41069855)|VARIABLE_ASSIGNMENT|[EXTERNAL]|this|{"label":"Account Number"}|0xafb911f
01:51:29.4 (41077294)|VARIABLE_ASSIGNMENT|[EXTERNAL]|value|"accountnumber"
01:51:29.4 (41082932)|VARIABLE_ASSIGNMENT|[175]|this.api|"accountnumber"|0xafb911f
01:51:29.4 (41089457)|STATEMENT_EXECUTE|[96]
01:51:29.4 (41114886)|HEAP_ALLOCATE|[96]|Bytes:8
01:51:29.4 (41138214)|HEAP_ALLOCATE|[96]|Bytes:12
01:51:29.4 (41155051)|HEAP_ALLOCATE|[96]|Bytes:6
01:51:29.4 (41177695)|VARIABLE_ASSIGNMENT|[EXTERNAL]|this|{"api":"accountnumber","label":"Account Number"}|0xafb911f
01:51:29.4 (41184906)|VARIABLE_ASSIGNMENT|[EXTERNAL]|value|"STRING"
01:51:29.4 (41191496)|VARIABLE_ASSIGNMENT|[177]|this.type|"STRING"|0xafb911f
01:51:29.4 (41198236)|STATEMENT_EXECUTE|[98]
01:51:29.4 (41218527)|HEAP_ALLOCATE|[98]|Bytes:108
01:51:29.4 (41233439)|HEAP_ALLOCATE|[98]|Bytes:112
01:51:29.4 (41241790)|USER_DEBUG|[98]|DEBUG|ow==objectWrapper:[api=accountnumber, iconUrl=null, label=Account Number, refName=null, type=STRING, value=null]
01:51:29.4 (41248705)|STATEMENT_EXECUTE|[99]
01:51:29.4 (41255685)|HEAP_ALLOCATE|[EXTERNAL]|Bytes:4
01:51:29.4 (41269429)|HEAP_ALLOCATE|[88]|Bytes:5
01:51:29.4 (41278920)|HEAP_ALLOCATE|[88]|Bytes:9
01:51:29.4 (41285115)|VARIABLE_SCOPE_BEGIN|[88]|st|String|false|false
01:51:29.4 (41294266)|VARIABLE_ASSIGNMENT|[88]|st|"active__c"
01:51:29.4 (41298688)|STATEMENT_EXECUTE|[88]
01:51:29.4 (41306866)|STATEMENT_EXECUTE|[89]
01:51:29.4 (41307857)|STATEMENT_EXECUTE|[90]
01:51:29.4 (41312195)|METHOD_ENTRY|[90]|01p2800000FELrp|RecentlyViewedRecords.findFieldInfo(String, String)
01:51:29.4 (41322913)|VARIABLE_SCOPE_BEGIN|[136]|objName|String|false|false
01:51:29.4 (41330568)|VARIABLE_ASSIGNMENT|[136]|objName|"Account"
01:51:29.4 (41333990)|VARIABLE_SCOPE_BEGIN|[136]|fieldApi|String|false|false
01:51:29.4 (41341297)|VARIABLE_ASSIGNMENT|[136]|fieldApi|"active__c"
01:51:29.4 (41345324)|STATEMENT_EXECUTE|[136]
01:51:29.4 (41346345)|STATEMENT_EXECUTE|[137]
01:51:29.4 (41358150)|VARIABLE_SCOPE_BEGIN|[137]|leadSchema|Schema.SObjectType|true|false
01:51:29.4 (41409689)|VARIABLE_ASSIGNMENT|[137]|leadSchema|"common.apex.runtime.impl.ApexSObjectTypeToken@632dc77c"|0x632dc77c
01:51:29.4 (41421189)|STATEMENT_EXECUTE|[138]
01:51:29.4 (41436215)|HEAP_ALLOCATE|[138]|Bytes:4
01:51:29.4 (41640032)|HEAP_ALLOCATE|[138]|Bytes:296
01:51:29.4 (41652322)|METHOD_EXIT|[90]|01p2800000FELrp|RecentlyViewedRecords.findFieldInfo(String, String)
01:51:29.4 (41659531)|VARIABLE_SCOPE_BEGIN|[90]|fieldMap|Map<String,Schema.SObjectField>|true|false
01:51:29.4 (41799261)|VARIABLE_ASSIGNMENT|[90]|fieldMap|"{acchierarchy__haschildwithchanges__c=accHierarchy__hasChildWithChanges__c, acchierarchy__hierarchy_parents__c=accHierarchy__Hierarchy_Parents__c, acchierarchy__on_previous_hierarchy_level__c=accHierarchy__On_Previous_Hierarchy_Level__c, acchierarchy__topparentid__c=accHierarchy__TopParentId__c, accountnumber=AccountNumber, accountsource=AccountSource, active__c=Active__c, annualrevenue=AnnualRevenue, billingaddress=BillingAddress, billingcity=BillingCity, ...}"|0x55c18491
01:51:29.4 (41813163)|STATEMENT_EXECUTE|[91]
01:51:29.4 (41817868)|HEAP_ALLOCATE|[91]|Bytes:28
01:51:29.4 (41826412)|CONSTRUCTOR_ENTRY|[91]|01p2800000FELrp|<init>()
01:51:29.4 (41832092)|VARIABLE_SCOPE_BEGIN|[167]|this|RecentlyViewedRecords.objectWrapper|true|false
01:51:29.4 (41854908)|VARIABLE_ASSIGNMENT|[167]|this|{}|0x767ac9ba
01:51:29.4 (41869389)|STATEMENT_EXECUTE|[167]
01:51:29.4 (41870808)|STATEMENT_EXECUTE|[169]
01:51:29.4 (41876748)|STATEMENT_EXECUTE|[171]
01:51:29.4 (41877639)|STATEMENT_EXECUTE|[173]
01:51:29.4 (41878719)|STATEMENT_EXECUTE|[175]
01:51:29.4 (41879518)|STATEMENT_EXECUTE|[177]
01:51:29.4 (41880308)|STATEMENT_EXECUTE|[179]
01:51:29.4 (41882765)|CONSTRUCTOR_EXIT|[91]|01p2800000FELrp|<init>()
01:51:29.4 (41888472)|VARIABLE_SCOPE_BEGIN|[91]|ow|RecentlyViewedRecords.objectWrapper|true|false
01:51:29.4 (41904334)|VARIABLE_ASSIGNMENT|[91]|ow|{}|0x767ac9ba
01:51:29.4 (41911030)|STATEMENT_EXECUTE|[92]
01:51:29.4 (41948065)|HEAP_ALLOCATE|[92]|Bytes:8
01:51:29.4 (41958095)|HEAP_ALLOCATE|[92]|Bytes:6
01:51:29.4 (41976198)|VARIABLE_ASSIGNMENT|[EXTERNAL]|this|{}|0x767ac9ba
01:51:29.4 (41984052)|VARIABLE_ASSIGNMENT|[EXTERNAL]|value|"Active"
01:51:29.4 (41991994)|VARIABLE_ASSIGNMENT|[169]|this.label|"Active"|0x767ac9ba
01:51:29.4 (42000422)|STATEMENT_EXECUTE|[93]
01:51:29.4 (42052473)|VARIABLE_ASSIGNMENT|[EXTERNAL]|this|{"label":"Active"}|0x767ac9ba
01:51:29.4 (42060316)|VARIABLE_ASSIGNMENT|[EXTERNAL]|value|null
01:51:29.4 (42067090)|VARIABLE_ASSIGNMENT|[171]|this.value|null|0x767ac9ba
01:51:29.4 (42073989)|STATEMENT_EXECUTE|[94]
01:51:29.4 (42093323)|VARIABLE_ASSIGNMENT|[EXTERNAL]|this|{"label":"Active"}|0x767ac9ba
01:51:29.4 (42099602)|VARIABLE_ASSIGNMENT|[EXTERNAL]|value|null
01:51:29.4 (42104935)|VARIABLE_ASSIGNMENT|[173]|this.refName|null|0x767ac9ba
01:51:29.4 (42111973)|STATEMENT_EXECUTE|[95]
01:51:29.4 (42123131)|VARIABLE_ASSIGNMENT|[EXTERNAL]|this|{"label":"Active"}|0x767ac9ba
01:51:29.4 (42129440)|VARIABLE_ASSIGNMENT|[EXTERNAL]|value|"active__c"
01:51:29.4 (42134745)|VARIABLE_ASSIGNMENT|[175]|this.api|"active__c"|0x767ac9ba
01:51:29.4 (42141088)|STATEMENT_EXECUTE|[96]
01:51:29.4 (42167310)|HEAP_ALLOCATE|[96]|Bytes:8
01:51:29.4 (42190981)|HEAP_ALLOCATE|[96]|Bytes:12
01:51:29.4 (42212416)|HEAP_ALLOCATE|[96]|Bytes:8
01:51:29.4 (42236121)|VARIABLE_ASSIGNMENT|[EXTERNAL]|this|{"api":"active__c","label":"Active"}|0x767ac9ba
01:51:29.4 (42245102)|VARIABLE_ASSIGNMENT|[EXTERNAL]|value|"PICKLIST"
01:51:29.4 (42251831)|VARIABLE_ASSIGNMENT|[177]|this.type|"PICKLIST"|0x767ac9ba
01:51:29.4 (42259221)|STATEMENT_EXECUTE|[98]
01:51:29.4 (42278886)|HEAP_ALLOCATE|[98]|Bytes:98
01:51:29.4 (42288689)|HEAP_ALLOCATE|[98]|Bytes:102
01:51:29.4 (42300467)|USER_DEBUG|[98]|DEBUG|ow==objectWrapper:[api=active__c, iconUrl=null, label=Active, refName=null, type=PICKLIST, value=null]
01:51:29.4 (42307095)|STATEMENT_EXECUTE|[99]
01:51:29.4 (42313788)|HEAP_ALLOCATE|[EXTERNAL]|Bytes:4
01:51:29.4 (42325582)|HEAP_ALLOCATE|[88]|Bytes:5
01:51:29.4 (42335764)|HEAP_ALLOCATE|[88]|Bytes:19
01:51:29.4 (42342670)|VARIABLE_SCOPE_BEGIN|[88]|st|String|false|false
01:51:29.4 (42352684)|VARIABLE_ASSIGNMENT|[88]|st|"customerpriority__c"
01:51:29.4 (42357394)|STATEMENT_EXECUTE|[88]
01:51:29.4 (42364695)|STATEMENT_EXECUTE|[89]
01:51:29.4 (42365603)|STATEMENT_EXECUTE|[90]
01:51:29.4 (42370135)|METHOD_ENTRY|[90]|01p2800000FELrp|RecentlyViewedRecords.findFieldInfo(String, String)
01:51:29.4 (42375234)|VARIABLE_SCOPE_BEGIN|[136]|objName|String|false|false
01:51:29.4 (42382589)|VARIABLE_ASSIGNMENT|[136]|objName|"Account"
01:51:29.4 (42386228)|VARIABLE_SCOPE_BEGIN|[136]|fieldApi|String|false|false
01:51:29.4 (42395802)|VARIABLE_ASSIGNMENT|[136]|fieldApi|"customerpriority__c"
01:51:29.4 (42400062)|STATEMENT_EXECUTE|[136]
01:51:29.4 (42401330)|STATEMENT_EXECUTE|[137]
01:51:29.4 (42411898)|VARIABLE_SCOPE_BEGIN|[137]|leadSchema|Schema.SObjectType|true|false
01:51:29.4 (42464587)|VARIABLE_ASSIGNMENT|[137]|leadSchema|"common.apex.runtime.impl.ApexSObjectTypeToken@632dc77c"|0x632dc77c
01:51:29.4 (42471110)|STATEMENT_EXECUTE|[138]
01:51:29.4 (42488664)|HEAP_ALLOCATE|[138]|Bytes:4
01:51:29.4 (42687256)|HEAP_ALLOCATE|[138]|Bytes:296
01:51:29.4 (42699068)|METHOD_EXIT|[90]|01p2800000FELrp|RecentlyViewedRecords.findFieldInfo(String, String)
01:51:29.4 (42707040)|VARIABLE_SCOPE_BEGIN|[90]|fieldMap|Map<String,Schema.SObjectField>|true|false
01:51:29.4 (42841782)|VARIABLE_ASSIGNMENT|[90]|fieldMap|"{acchierarchy__haschildwithchanges__c=accHierarchy__hasChildWithChanges__c, acchierarchy__hierarchy_parents__c=accHierarchy__Hierarchy_Parents__c, acchierarchy__on_previous_hierarchy_level__c=accHierarchy__On_Previous_Hierarchy_Level__c, acchierarchy__topparentid__c=accHierarchy__TopParentId__c, accountnumber=AccountNumber, accountsource=AccountSource, active__c=Active__c, annualrevenue=AnnualRevenue, billingaddress=BillingAddress, billingcity=BillingCity, ...}"|0x560932fa
01:51:29.4 (42859090)|STATEMENT_EXECUTE|[91]
01:51:29.4 (42863934)|HEAP_ALLOCATE|[91]|Bytes:28
01:51:29.4 (42877156)|CONSTRUCTOR_ENTRY|[91]|01p2800000FELrp|<init>()
01:51:29.4 (42882744)|VARIABLE_SCOPE_BEGIN|[167]|this|RecentlyViewedRecords.objectWrapper|true|false
01:51:29.4 (42904045)|VARIABLE_ASSIGNMENT|[167]|this|{}|0xac224d
01:51:29.4 (42920998)|STATEMENT_EXECUTE|[167]
01:51:29.4 (42922221)|STATEMENT_EXECUTE|[169]
01:51:29.4 (42923172)|STATEMENT_EXECUTE|[171]
01:51:29.4 (42923968)|STATEMENT_EXECUTE|[173]
01:51:29.4 (42924789)|STATEMENT_EXECUTE|[175]
01:51:29.4 (42925621)|STATEMENT_EXECUTE|[177]
01:51:29.4 (42926478)|STATEMENT_EXECUTE|[179]
01:51:29.4 (42929155)|CONSTRUCTOR_EXIT|[91]|01p2800000FELrp|<init>()
01:51:29.4 (42935023)|VARIABLE_SCOPE_BEGIN|[91]|ow|RecentlyViewedRecords.objectWrapper|true|false
01:51:29.4 (42950212)|VARIABLE_ASSIGNMENT|[91]|ow|{}|0xac224d
01:51:29.4 (42955665)|STATEMENT_EXECUTE|[92]
01:51:29.4 (42995504)|HEAP_ALLOCATE|[92]|Bytes:8
01:51:29.4 (43010736)|HEAP_ALLOCATE|[92]|Bytes:17
01:51:29.4 (43033330)|VARIABLE_ASSIGNMENT|[EXTERNAL]|this|{}|0xac224d
01:51:29.4 (43042095)|VARIABLE_ASSIGNMENT|[EXTERNAL]|value|"Customer Priority"
01:51:29.4 (43050168)|VARIABLE_ASSIGNMENT|[169]|this.label|"Customer Priority"|0xac224d
01:51:29.4 (43058361)|STATEMENT_EXECUTE|[93]
01:51:29.4 (43113438)|VARIABLE_ASSIGNMENT|[EXTERNAL]|this|{"label":"Customer Priority"}|0xac224d
01:51:29.4 (43120903)|VARIABLE_ASSIGNMENT|[EXTERNAL]|value|null
01:51:29.4 (43127791)|VARIABLE_ASSIGNMENT|[171]|this.value|null|0xac224d
01:51:29.4 (43138529)|STATEMENT_EXECUTE|[94]
01:51:29.4 (43161163)|VARIABLE_ASSIGNMENT|[EXTERNAL]|this|{"label":"Customer Priority"}|0xac224d
01:51:29.4 (43172237)|VARIABLE_ASSIGNMENT|[EXTERNAL]|value|null
01:51:29.4 (43181645)|VARIABLE_ASSIGNMENT|[173]|this.refName|null|0xac224d
01:51:29.4 (43189197)|STATEMENT_EXECUTE|[95]
01:51:29.4 (43202161)|VARIABLE_ASSIGNMENT|[EXTERNAL]|this|{"label":"Customer Priority"}|0xac224d
01:51:29.4 (43210821)|VARIABLE_ASSIGNMENT|[EXTERNAL]|value|"customerpriority__c"
01:51:29.4 (43217971)|VARIABLE_ASSIGNMENT|[175]|this.api|"customerpriority__c"|0xac224d
01:51:29.4 (43229871)|STATEMENT_EXECUTE|[96]
01:51:29.4 (43259355)|HEAP_ALLOCATE|[96]|Bytes:8
01:51:29.4 (43283658)|HEAP_ALLOCATE|[96]|Bytes:12
01:51:29.4 (43301190)|HEAP_ALLOCATE|[96]|Bytes:8
01:51:29.4 (43330155)|VARIABLE_ASSIGNMENT|[EXTERNAL]|this|{"api":"customerpriority__c","label":"Customer Priority"}|0xac224d
01:51:29.4 (43337666)|VARIABLE_ASSIGNMENT|[EXTERNAL]|value|"PICKLIST"
01:51:29.4 (43343903)|VARIABLE_ASSIGNMENT|[177]|this.type|"PICKLIST"|0xac224d
01:51:29.4 (43352957)|STATEMENT_EXECUTE|[98]
01:51:29.4 (43373445)|HEAP_ALLOCATE|[98]|Bytes:119
01:51:29.4 (43383239)|HEAP_ALLOCATE|[98]|Bytes:123
01:51:29.4 (43390997)|USER_DEBUG|[98]|DEBUG|ow==objectWrapper:[api=customerpriority__c, iconUrl=null, label=Customer Priority, refName=null, type=PICKLIST, value=null]
01:51:29.4 (43397633)|STATEMENT_EXECUTE|[99]
01:51:29.4 (43404001)|HEAP_ALLOCATE|[EXTERNAL]|Bytes:4
01:51:29.4 (43421281)|HEAP_ALLOCATE|[88]|Bytes:5
01:51:29.4 (43430305)|HEAP_ALLOCATE|[88]|Bytes:11
01:51:29.4 (43436653)|VARIABLE_SCOPE_BEGIN|[88]|st|String|false|false
01:51:29.4 (43446838)|VARIABLE_ASSIGNMENT|[88]|st|"createddate"
01:51:29.4 (43451796)|STATEMENT_EXECUTE|[88]
01:51:29.4 (43460425)|STATEMENT_EXECUTE|[89]
01:51:29.4 (43461412)|STATEMENT_EXECUTE|[90]
01:51:29.4 (43465951)|METHOD_ENTRY|[90]|01p2800000FELrp|RecentlyViewedRecords.findFieldInfo(String, String)
01:51:29.4 (43471589)|VARIABLE_SCOPE_BEGIN|[136]|objName|String|false|false
01:51:29.4 (43478807)|VARIABLE_ASSIGNMENT|[136]|objName|"Account"
01:51:29.4 (43482426)|VARIABLE_SCOPE_BEGIN|[136]|fieldApi|String|false|false
01:51:29.4 (43489229)|VARIABLE_ASSIGNMENT|[136]|fieldApi|"createddate"
01:51:29.4 (43498760)|STATEMENT_EXECUTE|[136]
01:51:29.4 (43499970)|STATEMENT_EXECUTE|[137]
01:51:29.4 (43510749)|VARIABLE_SCOPE_BEGIN|[137]|leadSchema|Schema.SObjectType|true|false
01:51:29.4 (43565219)|VARIABLE_ASSIGNMENT|[137]|leadSchema|"common.apex.runtime.impl.ApexSObjectTypeToken@632dc77c"|0x632dc77c
01:51:29.4 (43572190)|STATEMENT_EXECUTE|[138]
01:51:29.4 (43586895)|HEAP_ALLOCATE|[138]|Bytes:4
01:51:29.4 (43794702)|HEAP_ALLOCATE|[138]|Bytes:296
01:51:29.4 (43806244)|METHOD_EXIT|[90]|01p2800000FELrp|RecentlyViewedRecords.findFieldInfo(String, String)
01:51:29.4 (43813523)|VARIABLE_SCOPE_BEGIN|[90]|fieldMap|Map<String,Schema.SObjectField>|true|false
01:51:29.4 (43946002)|VARIABLE_ASSIGNMENT|[90]|fieldMap|"{acchierarchy__haschildwithchanges__c=accHierarchy__hasChildWithChanges__c, acchierarchy__hierarchy_parents__c=accHierarchy__Hierarchy_Parents__c, acchierarchy__on_previous_hierarchy_level__c=accHierarchy__On_Previous_Hierarchy_Level__c, acchierarchy__topparentid__c=accHierarchy__TopParentId__c, accountnumber=AccountNumber, accountsource=AccountSource, active__c=Active__c, annualrevenue=AnnualRevenue, billingaddress=BillingAddress, billingcity=BillingCity, ...}"|0x5910dbc5
01:51:29.4 (43959983)|STATEMENT_EXECUTE|[91]
01:51:29.4 (43964699)|HEAP_ALLOCATE|[91]|Bytes:28
01:51:29.4 (43972326)|CONSTRUCTOR_ENTRY|[91]|01p2800000FELrp|<init>()
01:51:29.4 (43978369)|VARIABLE_SCOPE_BEGIN|[167]|this|RecentlyViewedRecords.objectWrapper|true|false
01:51:29.4 (43998916)|VARIABLE_ASSIGNMENT|[167]|this|{}|0x7987ee44
01:51:29.4 (44012773)|STATEMENT_EXECUTE|[167]
01:51:29.4 (44014469)|STATEMENT_EXECUTE|[169]
01:51:29.4 (44015675)|STATEMENT_EXECUTE|[171]
01:51:29.4 (44016659)|STATEMENT_EXECUTE|[173]
01:51:29.4 (44017498)|STATEMENT_EXECUTE|[175]
01:51:29.4 (44018324)|STATEMENT_EXECUTE|[177]
01:51:29.4 (44019101)|STATEMENT_EXECUTE|[179]
01:51:29.4 (44021368)|CONSTRUCTOR_EXIT|[91]|01p2800000FELrp|<init>()
01:51:29.4 (44027175)|VARIABLE_SCOPE_BEGIN|[91]|ow|RecentlyViewedRecords.objectWrapper|true|false
01:51:29.4 (44045531)|VARIABLE_ASSIGNMENT|[91]|ow|{}|0x7987ee44
01:51:29.4 (44051326)|STATEMENT_EXECUTE|[92]
01:51:29.4 (44086429)|HEAP_ALLOCATE|[92]|Bytes:8
01:51:29.4 (44097197)|HEAP_ALLOCATE|[92]|Bytes:12
01:51:29.4 (44119918)|VARIABLE_ASSIGNMENT|[EXTERNAL]|this|{}|0x7987ee44
01:51:29.4 (44128416)|VARIABLE_ASSIGNMENT|[EXTERNAL]|value|"Created Date"
01:51:29.4 (44136145)|VARIABLE_ASSIGNMENT|[169]|this.label|"Created Date"|0x7987ee44
01:51:29.4 (44144573)|STATEMENT_EXECUTE|[93]
01:51:29.4 (44174901)|HEAP_ALLOCATE|[93]|Bytes:56
01:51:29.4 (44198775)|HEAP_ALLOCATE|[93]|Bytes:19
01:51:29.4 (44221680)|VARIABLE_ASSIGNMENT|[EXTERNAL]|this|{"label":"Created Date"}|0x7987ee44
01:51:29.4 (44229605)|VARIABLE_ASSIGNMENT|[EXTERNAL]|value|"2017-07-04 08:56:59"
01:51:29.4 (44238198)|VARIABLE_ASSIGNMENT|[171]|this.value|"2017-07-04 08:56:59"|0x7987ee44
01:51:29.4 (44245143)|STATEMENT_EXECUTE|[94]
01:51:29.4 (44266537)|VARIABLE_ASSIGNMENT|[EXTERNAL]|this|{"label":"Created Date","value":"2017-07-04 08:56:59"}|0x7987ee44
01:51:29.4 (44274143)|VARIABLE_ASSIGNMENT|[EXTERNAL]|value|null
01:51:29.4 (44280012)|VARIABLE_ASSIGNMENT|[173]|this.refName|null|0x7987ee44
01:51:29.4 (44287059)|STATEMENT_EXECUTE|[95]
01:51:29.4 (44304933)|VARIABLE_ASSIGNMENT|[EXTERNAL]|this|{"label":"Created Date","value":"2017-07-04 08:56:59"}|0x7987ee44
01:51:29.4 (44311994)|VARIABLE_ASSIGNMENT|[EXTERNAL]|value|"createddate"
01:51:29.4 (44318225)|VARIABLE_ASSIGNMENT|[175]|this.api|"createddate"|0x7987ee44
01:51:29.4 (44324963)|STATEMENT_EXECUTE|[96]
01:51:29.4 (44352970)|HEAP_ALLOCATE|[96]|Bytes:8
01:51:29.4 (44377019)|HEAP_ALLOCATE|[96]|Bytes:12
01:51:29.4 (44405329)|HEAP_ALLOCATE|[96]|Bytes:8
01:51:29.4 (44438826)|VARIABLE_ASSIGNMENT|[EXTERNAL]|this|{"api":"createddate","label":"Created Date","value":"2017-07-04 08:56:59"}|0x7987ee44
01:51:29.4 (44447639)|VARIABLE_ASSIGNMENT|[EXTERNAL]|value|"DATETIME"
01:51:29.4 (44453944)|VARIABLE_ASSIGNMENT|[177]|this.type|"DATETIME"|0x7987ee44
01:51:29.4 (44463249)|STATEMENT_EXECUTE|[98]
01:51:29.4 (44485380)|HEAP_ALLOCATE|[98]|Bytes:121
01:51:29.4 (44495202)|HEAP_ALLOCATE|[98]|Bytes:125
01:51:29.4 (44506275)|USER_DEBUG|[98]|DEBUG|ow==objectWrapper:[api=createddate, iconUrl=null, label=Created Date, refName=null, type=DATETIME, value=2017-07-04 08:56:59]
01:51:29.4 (44513522)|STATEMENT_EXECUTE|[99]
01:51:29.4 (44520042)|HEAP_ALLOCATE|[EXTERNAL]|Bytes:4
01:51:29.4 (44531455)|HEAP_ALLOCATE|[88]|Bytes:5
01:51:29.4 (44541382)|VARIABLE_ASSIGNMENT|[88]|st|null
01:51:29.4 (44546345)|STATEMENT_EXECUTE|[102]
01:51:29.4 (44554064)|SYSTEM_MODE_EXIT|false
01:51:29.44 (44574582)|CUMULATIVE_LIMIT_USAGE
01:51:29.44 (44574582)|LIMIT_USAGE_FOR_NS|(default)|
  Number of SOQL queries: 1 out of 100
  Number of query rows: 1 out of 50000
  Number of SOSL queries: 0 out of 20
  Number of DML statements: 0 out of 150
  Number of DML rows: 0 out of 10000
  Maximum CPU time: 0 out of 10000
  Maximum heap size: 0 out of 6000000
  Number of callouts: 0 out of 100
  Number of Email Invocations: 0 out of 10
  Number of future calls: 0 out of 50
  Number of queueable jobs added to the queue: 0 out of 50
  Number of Mobile Apex push calls: 0 out of 10

01:51:29.44 (44574582)|CUMULATIVE_LIMIT_USAGE_END

01:51:29.4 (44602722)|CODE_UNIT_FINISHED|RecentlyViewedRecords.queryCompactLayout
01:51:29.4 (45693013)|EXECUTION_FINISHED
01:51:29.46 (46962881)|USER_INFO|[EXTERNAL]|00528000001JBjQ|ramu.veligeti@yahoo.co.in|Pacific Standard Time|GMT-07:00
01:51:29.46 (46976256)|EXECUTION_STARTED
01:51:29.46 (46978667)|CODE_UNIT_STARTED|[EXTERNAL]|Aura
01:51:29.46 (47008074)|CODE_UNIT_FINISHED|Aura
01:51:29.46 (47597506)|EXECUTION_FINISHED
01:51:29.48 (48162719)|USER_INFO|[EXTERNAL]|00528000001JBjQ|ramu.veligeti@yahoo.co.in|Pacific Standard Time|GMT-07:00
01:51:29.48 (48174163)|EXECUTION_STARTED
01:51:29.48 (48175604)|CODE_UNIT_STARTED|[EXTERNAL]|Aura
01:51:29.48 (48200043)|CODE_UNIT_FINISHED|Aura
01:51:29.48 (48784409)|EXECUTION_FINISHED
01:51:29.49 (49345019)|USER_INFO|[EXTERNAL]|00528000001JBjQ|ramu.veligeti@yahoo.co.in|Pacific Standard Time|GMT-07:00
01:51:29.49 (49356412)|EXECUTION_STARTED
01:51:29.49 (49358040)|CODE_UNIT_STARTED|[EXTERNAL]|Aura
01:51:29.49 (49381762)|CODE_UNIT_FINISHED|Aura
01:51:29.49 (49957908)|EXECUTION_FINISHED
01:51:29.50 (50514292)|USER_INFO|[EXTERNAL]|00528000001JBjQ|ramu.veligeti@yahoo.co.in|Pacific Standard Time|GMT-07:00
01:51:29.50 (50525380)|EXECUTION_STARTED
01:51:29.50 (50526798)|CODE_UNIT_STARTED|[EXTERNAL]|Aura
01:51:29.50 (50553168)|CODE_UNIT_FINISHED|Aura
01:51:29.50 (51121556)|EXECUTION_FINISHED
01:51:29.51 (51684707)|USER_INFO|[EXTERNAL]|00528000001JBjQ|ramu.veligeti@yahoo.co.in|Pacific Standard Time|GMT-07:00
01:51:29.51 (51696126)|EXECUTION_STARTED
01:51:29.51 (51697653)|CODE_UNIT_STARTED|[EXTERNAL]|Aura
01:51:29.51 (51724755)|CODE_UNIT_FINISHED|Aura
01:51:29.51 (52295997)|EXECUTION_FINISHED
